Using pre-set license
Built from '6000.0/release' branch; Version is '6000.0.43f1 (97272b72f107) revision 9905963'; Using compiler version '193933523'; Build Type 'Release'
OS: 'Windows 10  (10.0.19045) 64bit Core' Language: 'en' Physical Memory: 6061 MB
BatchMode: 1, IsHumanControllingUs: 0, StartBugReporterOnCrash: 0, Is64bit: 1, IsPro: 1

COMMAND LINE ARGUMENTS:
C:\Users\asiya\OneDrive\Desktop\unity\6000.0.43f1\Editor\Unity.exe
-adb2
-batchMode
-noUpm
-name
AssetImportWorker0
-projectPath
C:/Users/asiya/Downloads/diyana/Asterisk
-logFile
Logs/AssetImportWorker0.log
-srvPort
55335
-job-worker-count
3
-background-job-worker-count
8
-gc-helper-count
1
Successfully changed project path to: C:/Users/asiya/Downloads/diyana/Asterisk
C:/Users/asiya/Downloads/diyana/Asterisk
[UnityMemory] Configuration Parameters - Can be set up in boot.config
    "memorysetup-bucket-allocator-granularity=16"
    "memorysetup-bucket-allocator-bucket-count=8"
    "memorysetup-bucket-allocator-block-size=33554432"
    "memorysetup-bucket-allocator-block-count=8"
    "memorysetup-main-allocator-block-size=16777216"
    "memorysetup-thread-allocator-block-size=16777216"
    "memorysetup-gfx-main-allocator-block-size=16777216"
    "memorysetup-gfx-thread-allocator-block-size=16777216"
    "memorysetup-cache-allocator-block-size=4194304"
    "memorysetup-typetree-allocator-block-size=2097152"
    "memorysetup-profiler-bucket-allocator-granularity=16"
    "memorysetup-profiler-bucket-allocator-bucket-count=8"
    "memorysetup-profiler-bucket-allocator-block-size=33554432"
    "memorysetup-profiler-bucket-allocator-block-count=8"
    "memorysetup-profiler-allocator-block-size=16777216"
    "memorysetup-profiler-editor-allocator-block-size=1048576"
    "memorysetup-temp-allocator-size-main=16777216"
    "memorysetup-job-temp-allocator-block-size=2097152"
    "memorysetup-job-temp-allocator-block-size-background=1048576"
    "memorysetup-job-temp-allocator-reduction-small-platforms=262144"
    "memorysetup-allocator-temp-initial-block-size-main=262144"
    "memorysetup-allocator-temp-initial-block-size-worker=262144"
    "memorysetup-temp-allocator-size-background-worker=32768"
    "memorysetup-temp-allocator-size-job-worker=262144"
    "memorysetup-temp-allocator-size-preload-manager=33554432"
    "memorysetup-temp-allocator-size-nav-mesh-worker=65536"
    "memorysetup-temp-allocator-size-audio-worker=65536"
    "memorysetup-temp-allocator-size-cloud-worker=32768"
    "memorysetup-temp-allocator-size-gi-baking-worker=262144"
    "memorysetup-temp-allocator-size-gi-baking-worker=262144"
    "memorysetup-temp-allocator-size-gi-baking-worker=262144"
    "memorysetup-temp-allocator-size-gi-baking-worker=262144"
    "memorysetup-temp-allocator-size-gi-baking-worker=262144"
    "memorysetup-temp-allocator-size-gfx=262144"
Player connection [4536]  Target information:

Player connection [4536]  * "[IP] 192.168.116.104 [Port] 0 [Flags] 2 [Guid] 3164463460 [EditorId] 3164463460 [Version] 1048832 [Id] WindowsEditor(7,LAPTOP-351L8BF9) [Debug] 1 [PackageName] WindowsEditor [ProjectName] Editor" 

Player connection [4536] Host joined multi-casting on [225.0.0.222:54997]...
Player connection [4536] Host joined alternative multi-casting on [225.0.0.222:34997]...
JobSystem: Creating JobQueue using job-worker-count value 3
Input System module state changed to: Initialized.
[Physics::Module] Initialized fallback backend.
[Physics::Module] Id: 0xdecafbad
Library Redirect Path: Library/
[Physics::Module] Selected backend.
[Physics::Module] Name: PhysX
[Physics::Module] Id: 0xf2b8ea05
[Physics::Module] SDK Version: 4.1.2
[Physics::Module] Integration Version: 1.0.0
[Physics::Module] Threading Mode: Multi-Threaded
Refreshing native plugins compatible for Editor in 479.03 ms, found 4 plugins.
Preloading 0 native plugins for Editor in 0.00 ms.
Initialize engine version: 6000.0.43f1 (97272b72f107)
[Subsystems] Discovering subsystems at path C:/Users/asiya/OneDrive/Desktop/unity/6000.0.43f1/Editor/Data/Resources/UnitySubsystems
[Subsystems] Discovering subsystems at path C:/Users/asiya/Downloads/diyana/Asterisk/Assets
GfxDevice: creating device client; kGfxThreadingModeNonThreaded
Direct3D:
    Version:  Direct3D 11.0 [level 11.1]
    Renderer: AMD Radeon(TM) Vega 8 Graphics (ID=0x15d8)
    Vendor:   ATI
    VRAM:     3030 MB
    Driver:   30.0.13044.0
Initialize mono
Mono path[0] = 'C:/Users/asiya/OneDrive/Desktop/unity/6000.0.43f1/Editor/Data/Managed'
Mono path[1] = 'C:/Users/asiya/OneDrive/Desktop/unity/6000.0.43f1/Editor/Data/MonoBleedingEdge/lib/mono/unityjit-win32'
Mono config path = 'C:/Users/asiya/OneDrive/Desktop/unity/6000.0.43f1/Editor/Data/MonoBleedingEdge/etc'
Using monoOptions --debugger-agent=transport=dt_socket,embedding=1,server=y,suspend=n,address=127.0.0.1:56840
Begin MonoManager ReloadAssembly
Registering precompiled unity dll's ...
Register platform support module: C:/Users/asiya/OneDrive/Desktop/unity/6000.0.43f1/Editor/Data/PlaybackEngines/WebGLSupport/UnityEditor.WebGL.Extensions.dll
Register platform support module: C:/Users/asiya/OneDrive/Desktop/unity/6000.0.43f1/Editor/Data/PlaybackEngines/WindowsStandaloneSupport/UnityEditor.WindowsStandalone.Extensions.dll
Register platform support module: C:/Users/asiya/OneDrive/Desktop/unity/6000.0.43f1/Editor/Data/PlaybackEngines/MetroSupport/UnityEditor.UWP.Extensions.dll
Registered in 0.015956 seconds.
- Loaded All Assemblies, in  1.587 seconds
Native extension for UWP target not found
Native extension for WindowsStandalone target not found
Native extension for WebGL target not found
Mono: successfully reloaded assembly
- Finished resetting the current domain, in  1.126 seconds
Domain Reload Profiling: 2709ms
	BeginReloadAssembly (460ms)
		ExecutionOrderSort (0ms)
		DisableScriptedObjects (0ms)
		BackupInstance (0ms)
		ReleaseScriptingObjects (0ms)
		CreateAndSetChildDomain (4ms)
	RebuildCommonClasses (93ms)
	RebuildNativeTypeToScriptingClass (25ms)
	initialDomainReloadingComplete (133ms)
	LoadAllAssembliesAndSetupDomain (872ms)
		LoadAssemblies (437ms)
		RebuildTransferFunctionScriptingTraits (0ms)
		AnalyzeDomain (862ms)
			TypeCache.Refresh (859ms)
				TypeCache.ScanAssembly (823ms)
			BuildScriptInfoCaches (0ms)
			ResolveRequiredComponents (1ms)
	FinalizeReload (1128ms)
		ReleaseScriptCaches (0ms)
		RebuildScriptCaches (0ms)
		SetupLoadedEditorAssemblies (944ms)
			LogAssemblyErrors (0ms)
			InitializePlatformSupportModulesInManaged (156ms)
			SetLoadedEditorAssemblies (12ms)
			BeforeProcessingInitializeOnLoad (154ms)
			ProcessInitializeOnLoadAttributes (458ms)
			ProcessInitializeOnLoadMethodAttributes (164ms)
			AfterProcessingInitializeOnLoad (0ms)
			EditorAssembliesLoaded (0ms)
		ExecutionOrderSort2 (0ms)
		AwakeInstancesAfterBackupRestoration (0ms)
========================================================================
Worker process is ready to serve import requests
Import Worker Mode flag is 0x00
Begin MonoManager ReloadAssembly
- Loaded All Assemblies, in  5.499 seconds
Refreshing native plugins compatible for Editor in 8.37 ms, found 4 plugins.
Native extension for UWP target not found
Native extension for WindowsStandalone target not found
Native extension for WebGL target not found
Mono: successfully reloaded assembly
- Finished resetting the current domain, in  2.895 seconds
Domain Reload Profiling: 8375ms
	BeginReloadAssembly (385ms)
		ExecutionOrderSort (0ms)
		DisableScriptedObjects (14ms)
		BackupInstance (0ms)
		ReleaseScriptingObjects (0ms)
		CreateAndSetChildDomain (59ms)
	RebuildCommonClasses (99ms)
	RebuildNativeTypeToScriptingClass (24ms)
	initialDomainReloadingComplete (83ms)
	LoadAllAssembliesAndSetupDomain (4887ms)
		LoadAssemblies (3849ms)
		RebuildTransferFunctionScriptingTraits (0ms)
		AnalyzeDomain (1272ms)
			TypeCache.Refresh (953ms)
				TypeCache.ScanAssembly (667ms)
			BuildScriptInfoCaches (281ms)
			ResolveRequiredComponents (32ms)
	FinalizeReload (2897ms)
		ReleaseScriptCaches (0ms)
		RebuildScriptCaches (0ms)
		SetupLoadedEditorAssemblies (2449ms)
			LogAssemblyErrors (0ms)
			InitializePlatformSupportModulesInManaged (31ms)
			SetLoadedEditorAssemblies (8ms)
			BeforeProcessingInitializeOnLoad (299ms)
			ProcessInitializeOnLoadAttributes (1347ms)
			ProcessInitializeOnLoadMethodAttributes (751ms)
			AfterProcessingInitializeOnLoad (14ms)
			EditorAssembliesLoaded (0ms)
		ExecutionOrderSort2 (0ms)
		AwakeInstancesAfterBackupRestoration (11ms)
Launched and connected shader compiler UnityShaderCompiler.exe after 0.03 seconds
Refreshing native plugins compatible for Editor in 5.59 ms, found 4 plugins.
Preloading 0 native plugins for Editor in 0.00 ms.
Unloading 221 Unused Serialized files (Serialized files now loaded: 0)
Unloading 6734 unused Assets / (4.2 MB). Loaded Objects now: 7467.
Memory consumption went from 183.5 MB to 179.4 MB.
Total: 20.328300 ms (FindLiveObjects: 1.392500 ms CreateObjectMapping: 2.597200 ms MarkObjects: 10.801300 ms  DeleteObjects: 5.532500 ms)

========================================================================
Received Import Request.
  Time since last request: 50376.605633 seconds.
  path: Assets/prefabs/player1.prefab
  artifactKey: Guid(8e797b4e5207f8a448f4ba39b6259a25) Importer(815301076,1909f56bfc062723c751e8b465ee728b)
Start importing Assets/prefabs/player1.prefab using Guid(8e797b4e5207f8a448f4ba39b6259a25) Importer(815301076,1909f56bfc062723c751e8b465ee728b) (PreviewImporter) -> (artifact id: '4a818c1bb401a5c0ea97fe61412e65c6') in 0.116405 seconds
Number of updated asset objects reloaded before import = 0Number of asset objects unloaded after import = 20

========================================================================
Received Import Request.
  Time since last request: 12.373806 seconds.
  path: Assets/prefabs/player1.prefab
  artifactKey: Guid(8e797b4e5207f8a448f4ba39b6259a25) Importer(815301076,1909f56bfc062723c751e8b465ee728b)
Start importing Assets/prefabs/player1.prefab using Guid(8e797b4e5207f8a448f4ba39b6259a25) Importer(815301076,1909f56bfc062723c751e8b465ee728b) (PreviewImporter) -> (artifact id: 'ef60d3be60dc3a5341dcec328732cbef') in 0.0831188 seconds
Number of updated asset objects reloaded before import = 0Number of asset objects unloaded after import = 32

========================================================================
Received Import Request.
  Time since last request: 3.825259 seconds.
  path: Assets/prefabs/player1.prefab
  artifactKey: Guid(8e797b4e5207f8a448f4ba39b6259a25) Importer(815301076,1909f56bfc062723c751e8b465ee728b)
Start importing Assets/prefabs/player1.prefab using Guid(8e797b4e5207f8a448f4ba39b6259a25) Importer(815301076,1909f56bfc062723c751e8b465ee728b) (PreviewImporter) -> (artifact id: 'c86fdf2626226b252733897646b2dbf9') in 0.0360011 seconds
Number of updated asset objects reloaded before import = 0Number of asset objects unloaded after import = 32

========================================================================
Received Import Request.
  Time since last request: 12.926593 seconds.
  path: Assets/TextMesh Pro/Resources/Fonts & Materials/LiberationSans SDF.asset
  artifactKey: Guid(8f586378b4e144a9851e7b34d9b748ee) Importer(815301076,1909f56bfc062723c751e8b465ee728b)
Start importing Assets/TextMesh Pro/Resources/Fonts & Materials/LiberationSans SDF.asset using Guid(8f586378b4e144a9851e7b34d9b748ee) Importer(815301076,1909f56bfc062723c751e8b465ee728b) (PreviewImporter) -> (artifact id: '7c4a0e2533b85b5a0ee6753a613b765a') in 1.2594138 seconds
Number of updated asset objects reloaded before import = 0Number of asset objects unloaded after import = 9

========================================================================
Received Import Request.
  Time since last request: 0.000082 seconds.
  path: Assets/TextMesh Pro/Resources/Fonts & Materials/LiberationSans SDF - Outline.mat
  artifactKey: Guid(79459efec17a4d00a321bdcc27bbc385) Importer(815301076,1909f56bfc062723c751e8b465ee728b)
Start importing Assets/TextMesh Pro/Resources/Fonts & Materials/LiberationSans SDF - Outline.mat using Guid(79459efec17a4d00a321bdcc27bbc385) Importer(815301076,1909f56bfc062723c751e8b465ee728b) (PreviewImporter) -> (artifact id: '2376a773f69b6ac68fbd1cfbbef9b3a0') in 0.1673689 seconds
Number of updated asset objects reloaded before import = 0Number of asset objects unloaded after import = 2

========================================================================
Received Import Request.
  Time since last request: 0.000077 seconds.
  path: Assets/TextMesh Pro/Resources/Fonts & Materials/PressStart2P-Regular Bitmap.asset
  artifactKey: Guid(f57c3dd3280774c499b2b7fd41e8c195) Importer(815301076,1909f56bfc062723c751e8b465ee728b)
Start importing Assets/TextMesh Pro/Resources/Fonts & Materials/PressStart2P-Regular Bitmap.asset using Guid(f57c3dd3280774c499b2b7fd41e8c195) Importer(815301076,1909f56bfc062723c751e8b465ee728b) (PreviewImporter) -> (artifact id: '97be8ef706f51713fac3fcbc2eb4606e') in 0.0423097 seconds
Number of updated asset objects reloaded before import = 0Number of asset objects unloaded after import = 6

========================================================================
Received Import Request.
  Time since last request: 1.246833 seconds.
  path: Assets/PS5/Fonts/Kenney Pixel SDF.asset
  artifactKey: Guid(5bc91abbb6f9b6546b70c39a1743a0ce) Importer(815301076,1909f56bfc062723c751e8b465ee728b)
Start importing Assets/PS5/Fonts/Kenney Pixel SDF.asset using Guid(5bc91abbb6f9b6546b70c39a1743a0ce) Importer(815301076,1909f56bfc062723c751e8b465ee728b) (PreviewImporter) -> (artifact id: '7f902be72ce966e8893cdcefef88045b') in 0.0722411 seconds
Number of updated asset objects reloaded before import = 0Number of asset objects unloaded after import = 4

========================================================================
Received Import Request.
  Time since last request: 0.000048 seconds.
  path: Assets/TextMesh Pro/Fonts/PixelifySans-Regular SDF.asset
  artifactKey: Guid(413d90377d68bdb4f9ae00e3ab3168ea) Importer(815301076,1909f56bfc062723c751e8b465ee728b)
Start importing Assets/TextMesh Pro/Fonts/PixelifySans-Regular SDF.asset using Guid(413d90377d68bdb4f9ae00e3ab3168ea) Importer(815301076,1909f56bfc062723c751e8b465ee728b) (PreviewImporter) -> (artifact id: 'a00dc9965a115fb7e34f42acb18bac2e') in 0.0544592 seconds
Number of updated asset objects reloaded before import = 0Number of asset objects unloaded after import = 4

========================================================================
Received Import Request.
  Time since last request: 1.580126 seconds.
  path: Assets/TextMesh Pro/Examples & Extras/Resources/Fonts & Materials/Electronic Highway Sign SDF.asset
  artifactKey: Guid(dc36b3fdc14f47ebb36fd484a67e268a) Importer(815301076,1909f56bfc062723c751e8b465ee728b)
Start importing Assets/TextMesh Pro/Examples & Extras/Resources/Fonts & Materials/Electronic Highway Sign SDF.asset using Guid(dc36b3fdc14f47ebb36fd484a67e268a) Importer(815301076,1909f56bfc062723c751e8b465ee728b) (PreviewImporter) -> (artifact id: '277c059585a4c41f1e66a0ba6322e1a2') in 0.0413331 seconds
Number of updated asset objects reloaded before import = 0Number of asset objects unloaded after import = 6

========================================================================
Received Prepare
Refreshing native plugins compatible for Editor in 3.11 ms, found 4 plugins.
Preloading 0 native plugins for Editor in 0.00 ms.
Unloading 13 Unused Serialized files (Serialized files now loaded: 0)
Unloading 6722 unused Assets / (4.9 MB). Loaded Objects now: 7639.
Memory consumption went from 152.7 MB to 147.8 MB.
Total: 59.117400 ms (FindLiveObjects: 2.433900 ms CreateObjectMapping: 1.371500 ms MarkObjects: 49.280200 ms  DeleteObjects: 6.029000 ms)

Prepare: number of updated asset objects reloaded= 0
========================================================================
Received Import Request.
  Time since last request: 136.017895 seconds.
  path: Assets/2D pixel asteroids/Prefabs/AsterBig2.prefab
  artifactKey: Guid(5c3659959ebb30a489d7eef3009f8afc) Importer(815301076,1909f56bfc062723c751e8b465ee728b)
Start importing Assets/2D pixel asteroids/Prefabs/AsterBig2.prefab using Guid(5c3659959ebb30a489d7eef3009f8afc) Importer(815301076,1909f56bfc062723c751e8b465ee728b) (PreviewImporter) -> (artifact id: '456e292933b219195f392152a040a7e9') in 0.2099758 seconds
Number of updated asset objects reloaded before import = 0Number of asset objects unloaded after import = 7

========================================================================
Received Import Request.
  Time since last request: 0.000056 seconds.
  path: Assets/2D pixel asteroids/Prefabs/AsterHuge1.prefab
  artifactKey: Guid(a928b6b7e9852c6429b1e3022b0ca7ed) Importer(815301076,1909f56bfc062723c751e8b465ee728b)
Start importing Assets/2D pixel asteroids/Prefabs/AsterHuge1.prefab using Guid(a928b6b7e9852c6429b1e3022b0ca7ed) Importer(815301076,1909f56bfc062723c751e8b465ee728b) (PreviewImporter) -> (artifact id: 'd3aeaf1c945a50a84ea17d6f4ffa9a52') in 0.0359321 seconds
Number of updated asset objects reloaded before import = 0Number of asset objects unloaded after import = 7

========================================================================
Received Import Request.
  Time since last request: 0.000055 seconds.
  path: Assets/2D pixel asteroids/Prefabs/AsterSmall2.prefab
  artifactKey: Guid(df633265b44cbf44eae676819a0f1900) Importer(815301076,1909f56bfc062723c751e8b465ee728b)
Start importing Assets/2D pixel asteroids/Prefabs/AsterSmall2.prefab using Guid(df633265b44cbf44eae676819a0f1900) Importer(815301076,1909f56bfc062723c751e8b465ee728b) (PreviewImporter) -> (artifact id: '8e77102dff09416f03f51a5b55e6f346') in 0.0311174 seconds
Number of updated asset objects reloaded before import = 0Number of asset objects unloaded after import = 7

========================================================================
Received Import Request.
  Time since last request: 0.000042 seconds.
  path: Packages/com.unity.render-pipelines.core/Runtime/Debugging/Prefabs/Widgets/DebugUIEnumHistory.prefab
  artifactKey: Guid(b2da6b27df236b144b3516ed8e7d36ac) Importer(815301076,1909f56bfc062723c751e8b465ee728b)
Start importing Packages/com.unity.render-pipelines.core/Runtime/Debugging/Prefabs/Widgets/DebugUIEnumHistory.prefab using Guid(b2da6b27df236b144b3516ed8e7d36ac) Importer(815301076,1909f56bfc062723c751e8b465ee728b) (PreviewImporter) -> (artifact id: 'c8c2344a708d0d8368e1e89b78ab8797') in 0.0489821 seconds
Number of updated asset objects reloaded before import = 0Number of asset objects unloaded after import = 15

========================================================================
Received Import Request.
  Time since last request: 0.000057 seconds.
  path: Packages/com.unity.render-pipelines.core/Runtime/Debugging/Prefabs/Widgets/DebugUIGroup.prefab
  artifactKey: Guid(38a07789c9e87004dad98c2909f58369) Importer(815301076,1909f56bfc062723c751e8b465ee728b)
Start importing Packages/com.unity.render-pipelines.core/Runtime/Debugging/Prefabs/Widgets/DebugUIGroup.prefab using Guid(38a07789c9e87004dad98c2909f58369) Importer(815301076,1909f56bfc062723c751e8b465ee728b) (PreviewImporter) -> (artifact id: 'c55ad4bd1f9b1c9ac9b12af92c919d00') in 0.0146033 seconds
Number of updated asset objects reloaded before import = 0Number of asset objects unloaded after import = 23

========================================================================
Received Import Request.
  Time since last request: 0.000064 seconds.
  path: Assets/2D pixel asteroids/Prefabs/AsterSmall6.prefab
  artifactKey: Guid(73d0578dde8635c4db633cbe78f8af97) Importer(815301076,1909f56bfc062723c751e8b465ee728b)
Start importing Assets/2D pixel asteroids/Prefabs/AsterSmall6.prefab using Guid(73d0578dde8635c4db633cbe78f8af97) Importer(815301076,1909f56bfc062723c751e8b465ee728b) (PreviewImporter) -> (artifact id: 'abc0611dbe9763086f992f7e4b62a975') in 0.0421735 seconds
Number of updated asset objects reloaded before import = 0Number of asset objects unloaded after import = 7

========================================================================
Received Import Request.
  Time since last request: 0.000066 seconds.
  path: Assets/2D pixel asteroids/Prefabs/AsterMed1.prefab
  artifactKey: Guid(ae4d463454dcd3f4f8546cef1366ff03) Importer(815301076,1909f56bfc062723c751e8b465ee728b)
Start importing Assets/2D pixel asteroids/Prefabs/AsterMed1.prefab using Guid(ae4d463454dcd3f4f8546cef1366ff03) Importer(815301076,1909f56bfc062723c751e8b465ee728b) (PreviewImporter) -> (artifact id: 'd39cef1c08dfb3a15115be266511269c') in 0.0431638 seconds
Number of updated asset objects reloaded before import = 0Number of asset objects unloaded after import = 7

========================================================================
Received Import Request.
  Time since last request: 0.000063 seconds.
  path: Packages/com.unity.render-pipelines.core/Runtime/Debugging/Prefabs/Widgets/DebugUIMessageBox.prefab
  artifactKey: Guid(10a25524b0986f9488b430e2829bbbe8) Importer(815301076,1909f56bfc062723c751e8b465ee728b)
Start importing Packages/com.unity.render-pipelines.core/Runtime/Debugging/Prefabs/Widgets/DebugUIMessageBox.prefab using Guid(10a25524b0986f9488b430e2829bbbe8) Importer(815301076,1909f56bfc062723c751e8b465ee728b) (PreviewImporter) -> (artifact id: '062aba7abb84d8247bf5cee070196696') in 0.0088376 seconds
Number of updated asset objects reloaded before import = 0Number of asset objects unloaded after import = 15

========================================================================
Received Import Request.
  Time since last request: 0.000083 seconds.
  path: Assets/2D pixel asteroids/Prefabs/AsterBig4.prefab
  artifactKey: Guid(0d18f1a7832f6a44fa77efb30bde703e) Importer(815301076,1909f56bfc062723c751e8b465ee728b)
Start importing Assets/2D pixel asteroids/Prefabs/AsterBig4.prefab using Guid(0d18f1a7832f6a44fa77efb30bde703e) Importer(815301076,1909f56bfc062723c751e8b465ee728b) (PreviewImporter) -> (artifact id: '1ef217bfbac2d051d48c7e8df6c4c370') in 0.0618319 seconds
Number of updated asset objects reloaded before import = 0Number of asset objects unloaded after import = 7

========================================================================
Received Import Request.
  Time since last request: 0.000069 seconds.
  path: Packages/com.unity.render-pipelines.core/Runtime/Debugging/Prefabs/Widgets/DebugUIHBox.prefab
  artifactKey: Guid(f7f5e36797cf0c1408561665c67b179b) Importer(815301076,1909f56bfc062723c751e8b465ee728b)
Start importing Packages/com.unity.render-pipelines.core/Runtime/Debugging/Prefabs/Widgets/DebugUIHBox.prefab using Guid(f7f5e36797cf0c1408561665c67b179b) Importer(815301076,1909f56bfc062723c751e8b465ee728b) (PreviewImporter) -> (artifact id: '409640440cdb787b429a5b328990a5c9') in 0.0107134 seconds
Number of updated asset objects reloaded before import = 0Number of asset objects unloaded after import = 8

========================================================================
Received Import Request.
  Time since last request: 0.000061 seconds.
  path: Packages/com.unity.render-pipelines.core/Runtime/Debugging/Prefabs/Widgets/DebugUIObjectList.prefab
  artifactKey: Guid(ad83bc56407925d44a77a5bd01cd6783) Importer(815301076,1909f56bfc062723c751e8b465ee728b)
Start importing Packages/com.unity.render-pipelines.core/Runtime/Debugging/Prefabs/Widgets/DebugUIObjectList.prefab using Guid(ad83bc56407925d44a77a5bd01cd6783) Importer(815301076,1909f56bfc062723c751e8b465ee728b) (PreviewImporter) -> (artifact id: '76a71d9cf0cf93dfb43a68c2f7f835d0') in 0.0513862 seconds
Number of updated asset objects reloaded before import = 0Number of asset objects unloaded after import = 27

========================================================================
Received Import Request.
  Time since last request: 0.000052 seconds.
  path: Assets/Asteroid.prefab
  artifactKey: Guid(dbc94ca87ed11354a9f0589b04a40399) Importer(815301076,1909f56bfc062723c751e8b465ee728b)
Start importing Assets/Asteroid.prefab using Guid(dbc94ca87ed11354a9f0589b04a40399) Importer(815301076,1909f56bfc062723c751e8b465ee728b) (PreviewImporter) -> (artifact id: '9b063a9b8cc77c996c6379581bb1adb7') in 0.0467152 seconds
Number of updated asset objects reloaded before import = 0Number of asset objects unloaded after import = 9

========================================================================
Received Import Request.
  Time since last request: 0.000055 seconds.
  path: Packages/com.unity.render-pipelines.core/Runtime/Debugging/Prefabs/Widgets/DebugUIFoldout.prefab
  artifactKey: Guid(1c87ab2ce8b8b304d98fbe9a734b1f74) Importer(815301076,1909f56bfc062723c751e8b465ee728b)
Start importing Packages/com.unity.render-pipelines.core/Runtime/Debugging/Prefabs/Widgets/DebugUIFoldout.prefab using Guid(1c87ab2ce8b8b304d98fbe9a734b1f74) Importer(815301076,1909f56bfc062723c751e8b465ee728b) (PreviewImporter) -> (artifact id: 'f7c87b646f3617e8a730bf7abf0a1de4') in 0.0583358 seconds
Number of updated asset objects reloaded before import = 0Number of asset objects unloaded after import = 34

========================================================================
Received Import Request.
  Time since last request: 0.000079 seconds.
  path: Packages/com.unity.render-pipelines.core/Runtime/Debugging/Prefabs/Widgets/DebugUIObject.prefab
  artifactKey: Guid(a87cfaef648f17c41b568e842e068c51) Importer(815301076,1909f56bfc062723c751e8b465ee728b)
Start importing Packages/com.unity.render-pipelines.core/Runtime/Debugging/Prefabs/Widgets/DebugUIObject.prefab using Guid(a87cfaef648f17c41b568e842e068c51) Importer(815301076,1909f56bfc062723c751e8b465ee728b) (PreviewImporter) -> (artifact id: '708b7723b98c958faf6d37e2b5a9ce97') in 0.0140663 seconds
Number of updated asset objects reloaded before import = 0Number of asset objects unloaded after import = 15

========================================================================
Received Import Request.
  Time since last request: 0.000051 seconds.
  path: Assets/2D pixel asteroids/Prefabs/AsterHuge2.prefab
  artifactKey: Guid(70c536de7d9d92449ae52a7ff80766e1) Importer(815301076,1909f56bfc062723c751e8b465ee728b)
Start importing Assets/2D pixel asteroids/Prefabs/AsterHuge2.prefab using Guid(70c536de7d9d92449ae52a7ff80766e1) Importer(815301076,1909f56bfc062723c751e8b465ee728b) (PreviewImporter) -> (artifact id: '5b7ba4b1532f00b1c713653f78dc3a79') in 0.0483705 seconds
Number of updated asset objects reloaded before import = 0Number of asset objects unloaded after import = 7

========================================================================
Received Import Request.
  Time since last request: 0.000042 seconds.
  path: Packages/com.unity.render-pipelines.core/Runtime/Debugging/Prefabs/Widgets/DebugUIFloatField.prefab
  artifactKey: Guid(d8c744701b43c864b88e7f8144e19bc5) Importer(815301076,1909f56bfc062723c751e8b465ee728b)
Start importing Packages/com.unity.render-pipelines.core/Runtime/Debugging/Prefabs/Widgets/DebugUIFloatField.prefab using Guid(d8c744701b43c864b88e7f8144e19bc5) Importer(815301076,1909f56bfc062723c751e8b465ee728b) (PreviewImporter) -> (artifact id: '7953b110b18228d6679c28d38d44b5ec') in 0.0116716 seconds
Number of updated asset objects reloaded before import = 0Number of asset objects unloaded after import = 37

========================================================================
Received Import Request.
  Time since last request: 0.000061 seconds.
  path: Assets/2D pixel asteroids/Prefabs/AsterMed3.prefab
  artifactKey: Guid(10eda568a7de7e04693212985f98844e) Importer(815301076,1909f56bfc062723c751e8b465ee728b)
Start importing Assets/2D pixel asteroids/Prefabs/AsterMed3.prefab using Guid(10eda568a7de7e04693212985f98844e) Importer(815301076,1909f56bfc062723c751e8b465ee728b) (PreviewImporter) -> (artifact id: 'e62ce16f439014c8834bb0ab17b51dcd') in 0.0380949 seconds
Number of updated asset objects reloaded before import = 0Number of asset objects unloaded after import = 7

========================================================================
Received Import Request.
  Time since last request: 0.000056 seconds.
  path: Packages/com.unity.render-pipelines.core/Runtime/Debugging/Prefabs/Widgets/DebugUIButton.prefab
  artifactKey: Guid(f6ce33b91f6ffe54cadacbf4bb112440) Importer(815301076,1909f56bfc062723c751e8b465ee728b)
Start importing Packages/com.unity.render-pipelines.core/Runtime/Debugging/Prefabs/Widgets/DebugUIButton.prefab using Guid(f6ce33b91f6ffe54cadacbf4bb112440) Importer(815301076,1909f56bfc062723c751e8b465ee728b) (PreviewImporter) -> (artifact id: 'f9d2de317691dcd68ca85aa01a04af95') in 0.0105704 seconds
Number of updated asset objects reloaded before import = 0Number of asset objects unloaded after import = 15

========================================================================
Received Import Request.
  Time since last request: 0.000052 seconds.
  path: Assets/2D pixel asteroids/Prefabs/AsterMed4.prefab
  artifactKey: Guid(a4f6c7d73f99033429f262bcba1bdeb8) Importer(815301076,1909f56bfc062723c751e8b465ee728b)
Start importing Assets/2D pixel asteroids/Prefabs/AsterMed4.prefab using Guid(a4f6c7d73f99033429f262bcba1bdeb8) Importer(815301076,1909f56bfc062723c751e8b465ee728b) (PreviewImporter) -> (artifact id: '541fe45583e1201e7deae37d9b5988f2') in 0.0345696 seconds
Number of updated asset objects reloaded before import = 0Number of asset objects unloaded after import = 7

========================================================================
Received Import Request.
  Time since last request: 0.000052 seconds.
  path: Assets/Audio/Asteroid.mp3
  artifactKey: Guid(77c59286c7d52c640ba9a207b37d1549) Importer(815301076,1909f56bfc062723c751e8b465ee728b)
Start importing Assets/Audio/Asteroid.mp3 using Guid(77c59286c7d52c640ba9a207b37d1549) Importer(815301076,1909f56bfc062723c751e8b465ee728b) (PreviewImporter) -> (artifact id: '1e34b0ea97220eadc9151f88814c01d0') in 0.3804689 seconds
Number of updated asset objects reloaded before import = 0Number of asset objects unloaded after import = 2

========================================================================
Received Import Request.
  Time since last request: 0.000117 seconds.
  path: Packages/com.unity.render-pipelines.core/Runtime/Debugging/Prefabs/Widgets/DebugUIIntField.prefab
  artifactKey: Guid(ae00bb75e0cd5b04b8fe7fb4ab662629) Importer(815301076,1909f56bfc062723c751e8b465ee728b)
Start importing Packages/com.unity.render-pipelines.core/Runtime/Debugging/Prefabs/Widgets/DebugUIIntField.prefab using Guid(ae00bb75e0cd5b04b8fe7fb4ab662629) Importer(815301076,1909f56bfc062723c751e8b465ee728b) (PreviewImporter) -> (artifact id: '80772201cb89ec8cd834d72e6098e6c5') in 0.0093703 seconds
Number of updated asset objects reloaded before import = 0Number of asset objects unloaded after import = 37

========================================================================
Received Import Request.
  Time since last request: 0.000050 seconds.
  path: Assets/Audio/Button.mp3
  artifactKey: Guid(633069841501b1144a13be840b5dee24) Importer(815301076,1909f56bfc062723c751e8b465ee728b)
Start importing Assets/Audio/Button.mp3 using Guid(633069841501b1144a13be840b5dee24) Importer(815301076,1909f56bfc062723c751e8b465ee728b) (PreviewImporter) -> (artifact id: '07379c35cad1053785b5f46cb45c80bc') in 0.0345089 seconds
Number of updated asset objects reloaded before import = 0Number of asset objects unloaded after import = 2

========================================================================
Received Import Request.
  Time since last request: 0.000044 seconds.
  path: Assets/2D pixel asteroids/Prefabs/AsterSmall1.prefab
  artifactKey: Guid(0b41583a19866d64b9483e371372b152) Importer(815301076,1909f56bfc062723c751e8b465ee728b)
Start importing Assets/2D pixel asteroids/Prefabs/AsterSmall1.prefab using Guid(0b41583a19866d64b9483e371372b152) Importer(815301076,1909f56bfc062723c751e8b465ee728b) (PreviewImporter) -> (artifact id: 'e3a490e888a5539effb7dcf23e3dde31') in 0.0447393 seconds
Number of updated asset objects reloaded before import = 0Number of asset objects unloaded after import = 7

========================================================================
Received Import Request.
  Time since last request: 0.000050 seconds.
  path: Assets/Audio/GameplayMusic.mp3
  artifactKey: Guid(d17ca633605ee3146967dbb0ff14bee1) Importer(815301076,1909f56bfc062723c751e8b465ee728b)
Start importing Assets/Audio/GameplayMusic.mp3 using Guid(d17ca633605ee3146967dbb0ff14bee1) Importer(815301076,1909f56bfc062723c751e8b465ee728b) (PreviewImporter) -> (artifact id: 'fede12af54b1be6d95f44dde68af6bbd') in 0.0351739 seconds
Number of updated asset objects reloaded before import = 0Number of asset objects unloaded after import = 2

========================================================================
Received Import Request.
  Time since last request: 0.000071 seconds.
  path: Assets/2D pixel asteroids/Prefabs/AsterBig3.prefab
  artifactKey: Guid(0cc97290e5be8a24a95be78aef2fc1a6) Importer(815301076,1909f56bfc062723c751e8b465ee728b)
Start importing Assets/2D pixel asteroids/Prefabs/AsterBig3.prefab using Guid(0cc97290e5be8a24a95be78aef2fc1a6) Importer(815301076,1909f56bfc062723c751e8b465ee728b) (PreviewImporter) -> (artifact id: 'e7184970c83ec72d2983d4cea4224014') in 0.0429643 seconds
Number of updated asset objects reloaded before import = 0Number of asset objects unloaded after import = 7

========================================================================
Received Import Request.
  Time since last request: 0.000068 seconds.
  path: Packages/com.unity.render-pipelines.core/Runtime/Debugging/Prefabs/Resources/DebugUICanvas.prefab
  artifactKey: Guid(cf6cbdd672089a84796e55a21fed1cbe) Importer(815301076,1909f56bfc062723c751e8b465ee728b)
Start importing Packages/com.unity.render-pipelines.core/Runtime/Debugging/Prefabs/Resources/DebugUICanvas.prefab using Guid(cf6cbdd672089a84796e55a21fed1cbe) Importer(815301076,1909f56bfc062723c751e8b465ee728b) (PreviewImporter) -> (artifact id: 'dd4c96c7c6f47acb9617999fba16a71f') in 0.3991609 seconds
Number of updated asset objects reloaded before import = 0Number of asset objects unloaded after import = 1361

Editor requested this worker to shutdown with reason: Scaling down because of idle timeout
AssetImportWorker is now disconnected from the server
Process exiting
Exiting without the bug reporter. Application will terminate with return code 0