Using pre-set license
Built from '6000.0/release' branch; Version is '6000.0.43f1 (97272b72f107) revision 9905963'; Using compiler version '193933523'; Build Type 'Release'
OS: 'Windows 10  (10.0.19045) 64bit Core' Language: 'en' Physical Memory: 6061 MB
BatchMode: 1, IsHumanControllingUs: 0, StartBugReporterOnCrash: 0, Is64bit: 1, IsPro: 1

COMMAND LINE ARGUMENTS:
C:\Users\asiya\OneDrive\Desktop\unity\6000.0.43f1\Editor\Unity.exe
-adb2
-batchMode
-noUpm
-name
AssetImportWorker6
-projectPath
C:/Users/asiya/Downloads/diyana/Asterisk
-logFile
Logs/AssetImportWorker6.log
-srvPort
57986
-job-worker-count
3
-background-job-worker-count
8
-gc-helper-count
1
Successfully changed project path to: C:/Users/asiya/Downloads/diyana/Asterisk
C:/Users/asiya/Downloads/diyana/Asterisk
[UnityMemory] Configuration Parameters - Can be set up in boot.config
    "memorysetup-bucket-allocator-granularity=16"
    "memorysetup-bucket-allocator-bucket-count=8"
    "memorysetup-bucket-allocator-block-size=33554432"
    "memorysetup-bucket-allocator-block-count=8"
    "memorysetup-main-allocator-block-size=16777216"
    "memorysetup-thread-allocator-block-size=16777216"
    "memorysetup-gfx-main-allocator-block-size=16777216"
    "memorysetup-gfx-thread-allocator-block-size=16777216"
    "memorysetup-cache-allocator-block-size=4194304"
    "memorysetup-typetree-allocator-block-size=2097152"
    "memorysetup-profiler-bucket-allocator-granularity=16"
    "memorysetup-profiler-bucket-allocator-bucket-count=8"
    "memorysetup-profiler-bucket-allocator-block-size=33554432"
    "memorysetup-profiler-bucket-allocator-block-count=8"
    "memorysetup-profiler-allocator-block-size=16777216"
    "memorysetup-profiler-editor-allocator-block-size=1048576"
    "memorysetup-temp-allocator-size-main=16777216"
    "memorysetup-job-temp-allocator-block-size=2097152"
    "memorysetup-job-temp-allocator-block-size-background=1048576"
    "memorysetup-job-temp-allocator-reduction-small-platforms=262144"
    "memorysetup-allocator-temp-initial-block-size-main=262144"
    "memorysetup-allocator-temp-initial-block-size-worker=262144"
    "memorysetup-temp-allocator-size-background-worker=32768"
    "memorysetup-temp-allocator-size-job-worker=262144"
    "memorysetup-temp-allocator-size-preload-manager=33554432"
    "memorysetup-temp-allocator-size-nav-mesh-worker=65536"
    "memorysetup-temp-allocator-size-audio-worker=65536"
    "memorysetup-temp-allocator-size-cloud-worker=32768"
    "memorysetup-temp-allocator-size-gi-baking-worker=262144"
    "memorysetup-temp-allocator-size-gi-baking-worker=262144"
    "memorysetup-temp-allocator-size-gi-baking-worker=262144"
    "memorysetup-temp-allocator-size-gi-baking-worker=262144"
    "memorysetup-temp-allocator-size-gi-baking-worker=262144"
    "memorysetup-temp-allocator-size-gfx=262144"
Player connection [14364]  Target information:

Player connection [14364]  * "[IP] 192.168.116.104 [Port] 0 [Flags] 2 [Guid] 2647209430 [EditorId] 2647209430 [Version] 1048832 [Id] WindowsEditor(7,LAPTOP-351L8BF9) [Debug] 1 [PackageName] WindowsEditor [ProjectName] Editor" 

Player connection [14364] Host joined multi-casting on [225.0.0.222:54997]...
Player connection [14364] Host joined alternative multi-casting on [225.0.0.222:34997]...
JobSystem: Creating JobQueue using job-worker-count value 3
Input System module state changed to: Initialized.
[Physics::Module] Initialized fallback backend.
[Physics::Module] Id: 0xdecafbad
Library Redirect Path: Library/
[Physics::Module] Selected backend.
[Physics::Module] Name: PhysX
[Physics::Module] Id: 0xf2b8ea05
[Physics::Module] SDK Version: 4.1.2
[Physics::Module] Integration Version: 1.0.0
[Physics::Module] Threading Mode: Multi-Threaded
Refreshing native plugins compatible for Editor in 7.64 ms, found 4 plugins.
Preloading 0 native plugins for Editor in 0.00 ms.
Initialize engine version: 6000.0.43f1 (97272b72f107)
[Subsystems] Discovering subsystems at path C:/Users/asiya/OneDrive/Desktop/unity/6000.0.43f1/Editor/Data/Resources/UnitySubsystems
[Subsystems] Discovering subsystems at path C:/Users/asiya/Downloads/diyana/Asterisk/Assets
GfxDevice: creating device client; kGfxThreadingModeNonThreaded
Direct3D:
    Version:  Direct3D 11.0 [level 11.1]
    Renderer: AMD Radeon(TM) Vega 8 Graphics (ID=0x15d8)
    Vendor:   ATI
    VRAM:     3030 MB
    Driver:   30.0.13044.0
Initialize mono
Mono path[0] = 'C:/Users/asiya/OneDrive/Desktop/unity/6000.0.43f1/Editor/Data/Managed'
Mono path[1] = 'C:/Users/asiya/OneDrive/Desktop/unity/6000.0.43f1/Editor/Data/MonoBleedingEdge/lib/mono/unityjit-win32'
Mono config path = 'C:/Users/asiya/OneDrive/Desktop/unity/6000.0.43f1/Editor/Data/MonoBleedingEdge/etc'
Using monoOptions --debugger-agent=transport=dt_socket,embedding=1,server=y,suspend=n,address=127.0.0.1:56620
Begin MonoManager ReloadAssembly
Registering precompiled unity dll's ...
Register platform support module: C:/Users/asiya/OneDrive/Desktop/unity/6000.0.43f1/Editor/Data/PlaybackEngines/WebGLSupport/UnityEditor.WebGL.Extensions.dll
Register platform support module: C:/Users/asiya/OneDrive/Desktop/unity/6000.0.43f1/Editor/Data/PlaybackEngines/WindowsStandaloneSupport/UnityEditor.WindowsStandalone.Extensions.dll
Register platform support module: C:/Users/asiya/OneDrive/Desktop/unity/6000.0.43f1/Editor/Data/PlaybackEngines/MetroSupport/UnityEditor.UWP.Extensions.dll
Registered in 0.026813 seconds.
- Loaded All Assemblies, in  1.947 seconds
Native extension for UWP target not found
Native extension for WindowsStandalone target not found
Native extension for WebGL target not found
Mono: successfully reloaded assembly
- Finished resetting the current domain, in  1.148 seconds
Domain Reload Profiling: 3088ms
	BeginReloadAssembly (1120ms)
		ExecutionOrderSort (0ms)
		DisableScriptedObjects (0ms)
		BackupInstance (0ms)
		ReleaseScriptingObjects (0ms)
		CreateAndSetChildDomain (5ms)
	RebuildCommonClasses (161ms)
	RebuildNativeTypeToScriptingClass (47ms)
	initialDomainReloadingComplete (207ms)
	LoadAllAssembliesAndSetupDomain (403ms)
		LoadAssemblies (1096ms)
		RebuildTransferFunctionScriptingTraits (0ms)
		AnalyzeDomain (389ms)
			TypeCache.Refresh (386ms)
				TypeCache.ScanAssembly (355ms)
			BuildScriptInfoCaches (0ms)
			ResolveRequiredComponents (1ms)
	FinalizeReload (1149ms)
		ReleaseScriptCaches (0ms)
		RebuildScriptCaches (0ms)
		SetupLoadedEditorAssemblies (1034ms)
			LogAssemblyErrors (0ms)
			InitializePlatformSupportModulesInManaged (141ms)
			SetLoadedEditorAssemblies (12ms)
			BeforeProcessingInitializeOnLoad (153ms)
			ProcessInitializeOnLoadAttributes (509ms)
			ProcessInitializeOnLoadMethodAttributes (218ms)
			AfterProcessingInitializeOnLoad (0ms)
			EditorAssembliesLoaded (1ms)
		ExecutionOrderSort2 (0ms)
		AwakeInstancesAfterBackupRestoration (0ms)
========================================================================
Worker process is ready to serve import requests
Import Worker Mode flag is 0x00
Begin MonoManager ReloadAssembly
- Loaded All Assemblies, in  2.577 seconds
Refreshing native plugins compatible for Editor in 4.62 ms, found 4 plugins.
Native extension for UWP target not found
Native extension for WindowsStandalone target not found
Native extension for WebGL target not found
Mono: successfully reloaded assembly
- Finished resetting the current domain, in  2.579 seconds
Domain Reload Profiling: 5146ms
	BeginReloadAssembly (433ms)
		ExecutionOrderSort (0ms)
		DisableScriptedObjects (17ms)
		BackupInstance (0ms)
		ReleaseScriptingObjects (0ms)
		CreateAndSetChildDomain (64ms)
	RebuildCommonClasses (91ms)
	RebuildNativeTypeToScriptingClass (26ms)
	initialDomainReloadingComplete (101ms)
	LoadAllAssembliesAndSetupDomain (1914ms)
		LoadAssemblies (1269ms)
		RebuildTransferFunctionScriptingTraits (0ms)
		AnalyzeDomain (906ms)
			TypeCache.Refresh (705ms)
				TypeCache.ScanAssembly (653ms)
			BuildScriptInfoCaches (164ms)
			ResolveRequiredComponents (29ms)
	FinalizeReload (2581ms)
		ReleaseScriptCaches (0ms)
		RebuildScriptCaches (0ms)
		SetupLoadedEditorAssemblies (2156ms)
			LogAssemblyErrors (0ms)
			InitializePlatformSupportModulesInManaged (36ms)
			SetLoadedEditorAssemblies (7ms)
			BeforeProcessingInitializeOnLoad (566ms)
			ProcessInitializeOnLoadAttributes (1171ms)
			ProcessInitializeOnLoadMethodAttributes (352ms)
			AfterProcessingInitializeOnLoad (23ms)
			EditorAssembliesLoaded (1ms)
		ExecutionOrderSort2 (0ms)
		AwakeInstancesAfterBackupRestoration (23ms)
Launched and connected shader compiler UnityShaderCompiler.exe after 0.04 seconds
Refreshing native plugins compatible for Editor in 7.31 ms, found 4 plugins.
Preloading 0 native plugins for Editor in 0.00 ms.
Unloading 221 Unused Serialized files (Serialized files now loaded: 0)
Unloading 6734 unused Assets / (4.3 MB). Loaded Objects now: 7467.
Memory consumption went from 183.7 MB to 179.4 MB.
Total: 25.230200 ms (FindLiveObjects: 1.725600 ms CreateObjectMapping: 4.652900 ms MarkObjects: 12.956000 ms  DeleteObjects: 5.888400 ms)

========================================================================
Received Import Request.
  Time since last request: 64705.221817 seconds.
  path: Assets/PS5/Spaceship/PNG/Parts/wingRed_1.png
  artifactKey: Guid(15e8c326e0803244aa4ba4975c02cb69) Importer(815301076,1909f56bfc062723c751e8b465ee728b)
Start importing Assets/PS5/Spaceship/PNG/Parts/wingRed_1.png using Guid(15e8c326e0803244aa4ba4975c02cb69) Importer(815301076,1909f56bfc062723c751e8b465ee728b) (PreviewImporter) -> (artifact id: '89d6b6c97c49b10a4a140f1175e2012f') in 0.309886 seconds
Number of updated asset objects reloaded before import = 0Number of asset objects unloaded after import = 3

========================================================================
Received Import Request.
  Time since last request: 0.000048 seconds.
  path: Assets/PS5/Spaceship/PNG/Parts/wingRed_0.png
  artifactKey: Guid(857cb05bdeb11404f8035e84c5422701) Importer(815301076,1909f56bfc062723c751e8b465ee728b)
Start importing Assets/PS5/Spaceship/PNG/Parts/wingRed_0.png using Guid(857cb05bdeb11404f8035e84c5422701) Importer(815301076,1909f56bfc062723c751e8b465ee728b) (PreviewImporter) -> (artifact id: 'cd9be7388df6a3e39485d2c02d1e8712') in 0.0416197 seconds
Number of updated asset objects reloaded before import = 0Number of asset objects unloaded after import = 3

========================================================================
Received Import Request.
  Time since last request: 0.000054 seconds.
  path: Assets/PS5/Spaceship/PNG/Parts/wingBlue_4.png
  artifactKey: Guid(4afc90dee71d094419e620867cece7ac) Importer(815301076,1909f56bfc062723c751e8b465ee728b)
Start importing Assets/PS5/Spaceship/PNG/Parts/wingBlue_4.png using Guid(4afc90dee71d094419e620867cece7ac) Importer(815301076,1909f56bfc062723c751e8b465ee728b) (PreviewImporter) -> (artifact id: '307bfa885a74ced3b1c1058b252ba5b8') in 0.0507053 seconds
Number of updated asset objects reloaded before import = 0Number of asset objects unloaded after import = 3

========================================================================
Received Import Request.
  Time since last request: 0.000045 seconds.
  path: Assets/PS5/Spaceship/PNG/Parts/wingBlue_5.png
  artifactKey: Guid(268d99aa6a16cd4428fe958fb3376a72) Importer(815301076,1909f56bfc062723c751e8b465ee728b)
Start importing Assets/PS5/Spaceship/PNG/Parts/wingBlue_5.png using Guid(268d99aa6a16cd4428fe958fb3376a72) Importer(815301076,1909f56bfc062723c751e8b465ee728b) (PreviewImporter) -> (artifact id: 'eadd3d35402d56e52a091a43ac73e976') in 0.0644447 seconds
Number of updated asset objects reloaded before import = 0Number of asset objects unloaded after import = 3

========================================================================
Received Import Request.
  Time since last request: 0.000040 seconds.
  path: Assets/PS5/UI/PNG/White/1x/warning.png
  artifactKey: Guid(2266302a73d27ca4eac306a6a4da8ed4) Importer(815301076,1909f56bfc062723c751e8b465ee728b)
Start importing Assets/PS5/UI/PNG/White/1x/warning.png using Guid(2266302a73d27ca4eac306a6a4da8ed4) Importer(815301076,1909f56bfc062723c751e8b465ee728b) (PreviewImporter) -> (artifact id: '2703ee9d4133b7b1f4f8bce6d82c0671') in 0.0501284 seconds
Number of updated asset objects reloaded before import = 0Number of asset objects unloaded after import = 3

========================================================================
Received Import Request.
  Time since last request: 0.000053 seconds.
  path: Assets/PS5/UI/PNG/White/1x/upLeft.png
  artifactKey: Guid(105f0cd762209274c8b94bff91b2322e) Importer(815301076,1909f56bfc062723c751e8b465ee728b)
Start importing Assets/PS5/UI/PNG/White/1x/upLeft.png using Guid(105f0cd762209274c8b94bff91b2322e) Importer(815301076,1909f56bfc062723c751e8b465ee728b) (PreviewImporter) -> (artifact id: 'd8699b48c29b1f2a070b016a84615eed') in 0.0476971 seconds
Number of updated asset objects reloaded before import = 0Number of asset objects unloaded after import = 3

========================================================================
Received Import Request.
  Time since last request: 0.000034 seconds.
  path: Assets/PS5/UI/PNG/White/1x/upRight.png
  artifactKey: Guid(f6c6619e373ef9c408213d0cae90d0e8) Importer(815301076,1909f56bfc062723c751e8b465ee728b)
Start importing Assets/PS5/UI/PNG/White/1x/upRight.png using Guid(f6c6619e373ef9c408213d0cae90d0e8) Importer(815301076,1909f56bfc062723c751e8b465ee728b) (PreviewImporter) -> (artifact id: '4379f9631702665462f077d4b6ba6a4c') in 0.0734778 seconds
Number of updated asset objects reloaded before import = 0Number of asset objects unloaded after import = 3

========================================================================
Received Import Request.
  Time since last request: 0.000042 seconds.
  path: Assets/PS5/Spaceship/PNG/ufoYellow.png
  artifactKey: Guid(0096eef4568c9714baabf5f599504751) Importer(815301076,1909f56bfc062723c751e8b465ee728b)
Start importing Assets/PS5/Spaceship/PNG/ufoYellow.png using Guid(0096eef4568c9714baabf5f599504751) Importer(815301076,1909f56bfc062723c751e8b465ee728b) (PreviewImporter) -> (artifact id: '8e919dc37d387bef7e071b972560d74b') in 0.124659 seconds
Number of updated asset objects reloaded before import = 0Number of asset objects unloaded after import = 3

========================================================================
Received Import Request.
  Time since last request: 0.000165 seconds.
  path: Assets/PS5/Spaceship/PNG/ufoRed.png
  artifactKey: Guid(c12dfcd3d325ddd439d6e5dfddc742c9) Importer(815301076,1909f56bfc062723c751e8b465ee728b)
Start importing Assets/PS5/Spaceship/PNG/ufoRed.png using Guid(c12dfcd3d325ddd439d6e5dfddc742c9) Importer(815301076,1909f56bfc062723c751e8b465ee728b) (PreviewImporter) -> (artifact id: '6704bb356d0c975cc249ab7d95031866') in 0.0611559 seconds
Number of updated asset objects reloaded before import = 0Number of asset objects unloaded after import = 3

========================================================================
Received Import Request.
  Time since last request: 0.000050 seconds.
  path: Assets/PS5/UI/PNG/Black/1x/unlocked.png
  artifactKey: Guid(e5f5ca2b8592bdc47a09adf588acfd2e) Importer(815301076,1909f56bfc062723c751e8b465ee728b)
Start importing Assets/PS5/UI/PNG/Black/1x/unlocked.png using Guid(e5f5ca2b8592bdc47a09adf588acfd2e) Importer(815301076,1909f56bfc062723c751e8b465ee728b) (PreviewImporter) -> (artifact id: '4b99237af50acb44320dab0604300a81') in 0.0791139 seconds
Number of updated asset objects reloaded before import = 0Number of asset objects unloaded after import = 3

========================================================================
Received Import Request.
  Time since last request: 0.000053 seconds.
  path: Assets/PS5/UI/PNG/White/2x/upRight.png
  artifactKey: Guid(96d117f199e7e714b9f7a63cd01a1fa2) Importer(815301076,1909f56bfc062723c751e8b465ee728b)
Start importing Assets/PS5/UI/PNG/White/2x/upRight.png using Guid(96d117f199e7e714b9f7a63cd01a1fa2) Importer(815301076,1909f56bfc062723c751e8b465ee728b) (PreviewImporter) -> (artifact id: '5e0df0e84dbd7e13863e69bdde0f993e') in 0.0809189 seconds
Number of updated asset objects reloaded before import = 0Number of asset objects unloaded after import = 3

========================================================================
Received Import Request.
  Time since last request: 0.000076 seconds.
  path: Assets/PS5/UI/PNG/Black/2x/upRight.png
  artifactKey: Guid(c64c00ee103cdaa4782838e4ae2f333b) Importer(815301076,1909f56bfc062723c751e8b465ee728b)
Start importing Assets/PS5/UI/PNG/Black/2x/upRight.png using Guid(c64c00ee103cdaa4782838e4ae2f333b) Importer(815301076,1909f56bfc062723c751e8b465ee728b) (PreviewImporter) -> (artifact id: 'a0ffd153ace60438f5d9d69a7a3dcf79') in 0.0541528 seconds
Number of updated asset objects reloaded before import = 0Number of asset objects unloaded after import = 3

========================================================================
Received Import Request.
  Time since last request: 0.000072 seconds.
  path: Assets/PS5/UI/PNG/Black/1x/video.png
  artifactKey: Guid(4c329df80cbfc8c4a8ec13f860b5862a) Importer(815301076,1909f56bfc062723c751e8b465ee728b)
Start importing Assets/PS5/UI/PNG/Black/1x/video.png using Guid(4c329df80cbfc8c4a8ec13f860b5862a) Importer(815301076,1909f56bfc062723c751e8b465ee728b) (PreviewImporter) -> (artifact id: '4736f64f508120e0f5df09f8e5620843') in 0.0498291 seconds
Number of updated asset objects reloaded before import = 0Number of asset objects unloaded after import = 3

========================================================================
Received Import Request.
  Time since last request: 0.000096 seconds.
  path: Assets/PS5/UI/PNG/Black/2x/unlocked.png
  artifactKey: Guid(d31806da8ea03fe47836c6bf1511b593) Importer(815301076,1909f56bfc062723c751e8b465ee728b)
Start importing Assets/PS5/UI/PNG/Black/2x/unlocked.png using Guid(d31806da8ea03fe47836c6bf1511b593) Importer(815301076,1909f56bfc062723c751e8b465ee728b) (PreviewImporter) -> (artifact id: '9c1ee85fcfe31f02b654336dca65b996') in 0.0679254 seconds
Number of updated asset objects reloaded before import = 0Number of asset objects unloaded after import = 3

========================================================================
Received Import Request.
  Time since last request: 0.000046 seconds.
  path: Assets/PS5/UI/PNG/White/1x/unlocked.png
  artifactKey: Guid(3ffc704e6582dd74bb75d824ac4bf8b4) Importer(815301076,1909f56bfc062723c751e8b465ee728b)
Start importing Assets/PS5/UI/PNG/White/1x/unlocked.png using Guid(3ffc704e6582dd74bb75d824ac4bf8b4) Importer(815301076,1909f56bfc062723c751e8b465ee728b) (PreviewImporter) -> (artifact id: '118d6766359f0e9bdcd4a84f7ae7c112') in 0.0496996 seconds
Number of updated asset objects reloaded before import = 0Number of asset objects unloaded after import = 3

========================================================================
Received Import Request.
  Time since last request: 0.000063 seconds.
  path: Assets/PS5/UI/PNG/White/1x/up.png
  artifactKey: Guid(4d46ed702bf743e46ab9719a2098ce03) Importer(815301076,1909f56bfc062723c751e8b465ee728b)
Start importing Assets/PS5/UI/PNG/White/1x/up.png using Guid(4d46ed702bf743e46ab9719a2098ce03) Importer(815301076,1909f56bfc062723c751e8b465ee728b) (PreviewImporter) -> (artifact id: '2383c8457bda9e7a20aed1a5be56ea56') in 0.0583967 seconds
Number of updated asset objects reloaded before import = 0Number of asset objects unloaded after import = 3

========================================================================
Received Import Request.
  Time since last request: 0.000060 seconds.
  path: Assets/PS5/Backgrounds/PNG/Sprites X2/Station/spaceStation_022.png
  artifactKey: Guid(5df76d327d757af46bff25e985b60c19) Importer(815301076,1909f56bfc062723c751e8b465ee728b)
Start importing Assets/PS5/Backgrounds/PNG/Sprites X2/Station/spaceStation_022.png using Guid(5df76d327d757af46bff25e985b60c19) Importer(815301076,1909f56bfc062723c751e8b465ee728b) (PreviewImporter) -> (artifact id: 'a6ccc488b5128d9ef4c66334042d6377') in 0.1321887 seconds
Number of updated asset objects reloaded before import = 0Number of asset objects unloaded after import = 3

========================================================================
Received Import Request.
  Time since last request: 0.000077 seconds.
  path: Assets/PS5/Backgrounds/PNG/Sprites/Parts/spaceParts_027.png
  artifactKey: Guid(be1ab0398cd3a3245a40402c1344400c) Importer(815301076,1909f56bfc062723c751e8b465ee728b)
Start importing Assets/PS5/Backgrounds/PNG/Sprites/Parts/spaceParts_027.png using Guid(be1ab0398cd3a3245a40402c1344400c) Importer(815301076,1909f56bfc062723c751e8b465ee728b) (PreviewImporter) -> (artifact id: '9b06dec3207d550d1394e24110771f26') in 0.0650918 seconds
Number of updated asset objects reloaded before import = 0Number of asset objects unloaded after import = 3

========================================================================
Received Import Request.
  Time since last request: 0.000034 seconds.
  path: Assets/PS5/Backgrounds/PNG/Sprites/Station/spaceStation_024.png
  artifactKey: Guid(edcbdc4abd2998e46ac530a124c86430) Importer(815301076,1909f56bfc062723c751e8b465ee728b)
Start importing Assets/PS5/Backgrounds/PNG/Sprites/Station/spaceStation_024.png using Guid(edcbdc4abd2998e46ac530a124c86430) Importer(815301076,1909f56bfc062723c751e8b465ee728b) (PreviewImporter) -> (artifact id: 'b6e40a4a318f5baecca976f4519304d0') in 0.08646 seconds
Number of updated asset objects reloaded before import = 0Number of asset objects unloaded after import = 3

========================================================================
Received Import Request.
  Time since last request: 0.000089 seconds.
  path: Assets/PS5/Backgrounds/PNG/Sprites/Missiles/spaceMissiles_008.png
  artifactKey: Guid(d24d420b860855b49bbf65e8f12fe4c1) Importer(815301076,1909f56bfc062723c751e8b465ee728b)
Start importing Assets/PS5/Backgrounds/PNG/Sprites/Missiles/spaceMissiles_008.png using Guid(d24d420b860855b49bbf65e8f12fe4c1) Importer(815301076,1909f56bfc062723c751e8b465ee728b) (PreviewImporter) -> (artifact id: '9624cf905f1b95132a06f0c49945d24f') in 0.0525677 seconds
Number of updated asset objects reloaded before import = 0Number of asset objects unloaded after import = 3

========================================================================
Received Import Request.
  Time since last request: 0.000061 seconds.
  path: Assets/PS5/Backgrounds/PNG/Sprites X2/Parts/spaceParts_026.png
  artifactKey: Guid(fb669b6f6c9cdf14cbd508aeb67f4ff4) Importer(815301076,1909f56bfc062723c751e8b465ee728b)
Start importing Assets/PS5/Backgrounds/PNG/Sprites X2/Parts/spaceParts_026.png using Guid(fb669b6f6c9cdf14cbd508aeb67f4ff4) Importer(815301076,1909f56bfc062723c751e8b465ee728b) (PreviewImporter) -> (artifact id: '0d18e6d7fbbaccb5ab8f1e908ca18e42') in 0.0440822 seconds
Number of updated asset objects reloaded before import = 0Number of asset objects unloaded after import = 3

========================================================================
Received Import Request.
  Time since last request: 0.000033 seconds.
  path: Assets/PS5/Backgrounds/PNG/Sprites X2/Effects/spaceEffects_013.png
  artifactKey: Guid(9b3366cd9c00f0e4c8267295d593c3cf) Importer(815301076,1909f56bfc062723c751e8b465ee728b)
Start importing Assets/PS5/Backgrounds/PNG/Sprites X2/Effects/spaceEffects_013.png using Guid(9b3366cd9c00f0e4c8267295d593c3cf) Importer(815301076,1909f56bfc062723c751e8b465ee728b) (PreviewImporter) -> (artifact id: '127ba169a47c15521b615f57d8c05729') in 0.0554231 seconds
Number of updated asset objects reloaded before import = 0Number of asset objects unloaded after import = 3

========================================================================
Received Import Request.
  Time since last request: 0.000033 seconds.
  path: Assets/PS5/Backgrounds/PNG/Sprites X2/Station/spaceStation_025.png
  artifactKey: Guid(0df97967df3463d4b825cae3e49b7bbf) Importer(815301076,1909f56bfc062723c751e8b465ee728b)
Start importing Assets/PS5/Backgrounds/PNG/Sprites X2/Station/spaceStation_025.png using Guid(0df97967df3463d4b825cae3e49b7bbf) Importer(815301076,1909f56bfc062723c751e8b465ee728b) (PreviewImporter) -> (artifact id: 'e565d55fa44f1e5aa7f038b7c04eb86f') in 0.0516686 seconds
Number of updated asset objects reloaded before import = 0Number of asset objects unloaded after import = 3

========================================================================
Received Import Request.
  Time since last request: 0.000051 seconds.
  path: Assets/PS5/Backgrounds/PNG/Sprites X2/Effects/spaceEffects_014.png
  artifactKey: Guid(58e8513d801e70d43b1fedb7fbb55d0c) Importer(815301076,1909f56bfc062723c751e8b465ee728b)
Start importing Assets/PS5/Backgrounds/PNG/Sprites X2/Effects/spaceEffects_014.png using Guid(58e8513d801e70d43b1fedb7fbb55d0c) Importer(815301076,1909f56bfc062723c751e8b465ee728b) (PreviewImporter) -> (artifact id: 'dfed7c4108b0564a39a319037d31d70b') in 0.0504584 seconds
Number of updated asset objects reloaded before import = 0Number of asset objects unloaded after import = 3

========================================================================
Received Import Request.
  Time since last request: 0.000030 seconds.
  path: Assets/PS5/Backgrounds/PNG/Sprites X2/Missiles/spaceMissiles_009.png
  artifactKey: Guid(ca245282eded16d41a67cd2c55d39acf) Importer(815301076,1909f56bfc062723c751e8b465ee728b)
Start importing Assets/PS5/Backgrounds/PNG/Sprites X2/Missiles/spaceMissiles_009.png using Guid(ca245282eded16d41a67cd2c55d39acf) Importer(815301076,1909f56bfc062723c751e8b465ee728b) (PreviewImporter) -> (artifact id: 'b5dc15bb0714865271a6f452f559de1e') in 0.0551181 seconds
Number of updated asset objects reloaded before import = 0Number of asset objects unloaded after import = 3

========================================================================
Received Import Request.
  Time since last request: 0.000047 seconds.
  path: Assets/PS5/Backgrounds/PNG/Sprites/Effects/spaceEffects_015.png
  artifactKey: Guid(eeba26bbc0bd9444a89bc66be1428e36) Importer(815301076,1909f56bfc062723c751e8b465ee728b)
Start importing Assets/PS5/Backgrounds/PNG/Sprites/Effects/spaceEffects_015.png using Guid(eeba26bbc0bd9444a89bc66be1428e36) Importer(815301076,1909f56bfc062723c751e8b465ee728b) (PreviewImporter) -> (artifact id: '75b555c72f4843e2f039cbd546b14315') in 0.0663905 seconds
Number of updated asset objects reloaded before import = 0Number of asset objects unloaded after import = 3

========================================================================
Received Import Request.
  Time since last request: 0.000123 seconds.
  path: Assets/PS5/Backgrounds/PNG/Sprites X2/Parts/spaceParts_030.png
  artifactKey: Guid(0039311ab50be89479ffa3ebda7a32f7) Importer(815301076,1909f56bfc062723c751e8b465ee728b)
Start importing Assets/PS5/Backgrounds/PNG/Sprites X2/Parts/spaceParts_030.png using Guid(0039311ab50be89479ffa3ebda7a32f7) Importer(815301076,1909f56bfc062723c751e8b465ee728b) (PreviewImporter) -> (artifact id: '4eb16d6d6e42abf86cf98bf94654a387') in 0.0533043 seconds
Number of updated asset objects reloaded before import = 0Number of asset objects unloaded after import = 3

========================================================================
Received Import Request.
  Time since last request: 0.000107 seconds.
  path: Assets/PS5/Backgrounds/PNG/Sprites X2/Station/spaceStation_024.png
  artifactKey: Guid(29438ec7ff3377645b57a6e87a0bbe01) Importer(815301076,1909f56bfc062723c751e8b465ee728b)
Start importing Assets/PS5/Backgrounds/PNG/Sprites X2/Station/spaceStation_024.png using Guid(29438ec7ff3377645b57a6e87a0bbe01) Importer(815301076,1909f56bfc062723c751e8b465ee728b) (PreviewImporter) -> (artifact id: '59db360a4850ce22930b476bb2aee007') in 0.1696305 seconds
Number of updated asset objects reloaded before import = 0Number of asset objects unloaded after import = 3

========================================================================
Received Import Request.
  Time since last request: 0.000049 seconds.
  path: Assets/PS5/UI/PNG/White/1x/arrowDown.png
  artifactKey: Guid(85576f8c432f8f345a882d5f862e55f4) Importer(815301076,1909f56bfc062723c751e8b465ee728b)
Start importing Assets/PS5/UI/PNG/White/1x/arrowDown.png using Guid(85576f8c432f8f345a882d5f862e55f4) Importer(815301076,1909f56bfc062723c751e8b465ee728b) (PreviewImporter) -> (artifact id: '1620c36758cd6a3f526ee6419ba51ce9') in 0.0480668 seconds
Number of updated asset objects reloaded before import = 0Number of asset objects unloaded after import = 3

========================================================================
Received Import Request.
  Time since last request: 0.000064 seconds.
  path: Assets/PS5/UI/PNG/White/2x/arrowDown.png
  artifactKey: Guid(2806a13fd08bcd142b162307fc8a4d00) Importer(815301076,1909f56bfc062723c751e8b465ee728b)
Start importing Assets/PS5/UI/PNG/White/2x/arrowDown.png using Guid(2806a13fd08bcd142b162307fc8a4d00) Importer(815301076,1909f56bfc062723c751e8b465ee728b) (PreviewImporter) -> (artifact id: 'bdfe28bfc1f91cf755b47295ae749127') in 0.0614256 seconds
Number of updated asset objects reloaded before import = 0Number of asset objects unloaded after import = 3

========================================================================
Received Import Request.
  Time since last request: 0.000058 seconds.
  path: Assets/PS5/Backgrounds/PNG/Sprites X2/Missiles/spaceMissiles_007.png
  artifactKey: Guid(f2850fe7dd247484f84336d4523a8ba9) Importer(815301076,1909f56bfc062723c751e8b465ee728b)
Start importing Assets/PS5/Backgrounds/PNG/Sprites X2/Missiles/spaceMissiles_007.png using Guid(f2850fe7dd247484f84336d4523a8ba9) Importer(815301076,1909f56bfc062723c751e8b465ee728b) (PreviewImporter) -> (artifact id: 'bf6bec94a9b056010982a456f70afb36') in 0.0533787 seconds
Number of updated asset objects reloaded before import = 0Number of asset objects unloaded after import = 3

========================================================================
Received Import Request.
  Time since last request: 0.000048 seconds.
  path: Assets/PS5/Backgrounds/PNG/Sprites/Effects/spaceEffects_011.png
  artifactKey: Guid(e452ad8de4b0dfb4d8feb83c697d26eb) Importer(815301076,1909f56bfc062723c751e8b465ee728b)
Start importing Assets/PS5/Backgrounds/PNG/Sprites/Effects/spaceEffects_011.png using Guid(e452ad8de4b0dfb4d8feb83c697d26eb) Importer(815301076,1909f56bfc062723c751e8b465ee728b) (PreviewImporter) -> (artifact id: 'd34aa484749dd8e25cde7f736c507c7a') in 0.0772211 seconds
Number of updated asset objects reloaded before import = 0Number of asset objects unloaded after import = 3

========================================================================
Received Import Request.
  Time since last request: 0.000041 seconds.
  path: Assets/PS5/Backgrounds/PNG/Sprites X2/Parts/spaceParts_029.png
  artifactKey: Guid(48b7c578cca8e2d43b3382688dd80ccc) Importer(815301076,1909f56bfc062723c751e8b465ee728b)
Start importing Assets/PS5/Backgrounds/PNG/Sprites X2/Parts/spaceParts_029.png using Guid(48b7c578cca8e2d43b3382688dd80ccc) Importer(815301076,1909f56bfc062723c751e8b465ee728b) (PreviewImporter) -> (artifact id: '074f00bfb8e67f13c9c1387b7ed7e29b') in 0.0898616 seconds
Number of updated asset objects reloaded before import = 0Number of asset objects unloaded after import = 3

========================================================================
Received Import Request.
  Time since last request: 0.000032 seconds.
  path: Assets/PS5/Backgrounds/PNG/Sprites X2/Effects/spaceEffects_012.png
  artifactKey: Guid(dde3208c71be5dc4686e02e501b82a1e) Importer(815301076,1909f56bfc062723c751e8b465ee728b)
Start importing Assets/PS5/Backgrounds/PNG/Sprites X2/Effects/spaceEffects_012.png using Guid(dde3208c71be5dc4686e02e501b82a1e) Importer(815301076,1909f56bfc062723c751e8b465ee728b) (PreviewImporter) -> (artifact id: '20e58924af83c447bccb93459d62ed0b') in 0.0521666 seconds
Number of updated asset objects reloaded before import = 0Number of asset objects unloaded after import = 3

========================================================================
Received Import Request.
  Time since last request: 0.000034 seconds.
  path: Assets/PS5/UI/PNG/Black/1x/arrowDown.png
  artifactKey: Guid(f2d740957d00db3419c0743ede5a0cfc) Importer(815301076,1909f56bfc062723c751e8b465ee728b)
Start importing Assets/PS5/UI/PNG/Black/1x/arrowDown.png using Guid(f2d740957d00db3419c0743ede5a0cfc) Importer(815301076,1909f56bfc062723c751e8b465ee728b) (PreviewImporter) -> (artifact id: 'fe60b693a212e1aa6478ba7a69efbca2') in 0.0429277 seconds
Number of updated asset objects reloaded before import = 0Number of asset objects unloaded after import = 3

========================================================================
Received Import Request.
  Time since last request: 0.000120 seconds.
  path: Assets/PS5/Backgrounds/PNG/Sprites X2/Parts/spaceParts_027.png
  artifactKey: Guid(2f388ba11e16b2c44b5401e98b2c3e50) Importer(815301076,1909f56bfc062723c751e8b465ee728b)
Start importing Assets/PS5/Backgrounds/PNG/Sprites X2/Parts/spaceParts_027.png using Guid(2f388ba11e16b2c44b5401e98b2c3e50) Importer(815301076,1909f56bfc062723c751e8b465ee728b) (PreviewImporter) -> (artifact id: '03cb6760f3083483d22907f9b440c671') in 0.0543451 seconds
Number of updated asset objects reloaded before import = 0Number of asset objects unloaded after import = 3

========================================================================
Received Import Request.
  Time since last request: 0.000049 seconds.
  path: Assets/PS5/Backgrounds/PNG/Sprites/Missiles/spaceMissiles_010.png
  artifactKey: Guid(68e9e018d817c1d47857b33960d60896) Importer(815301076,1909f56bfc062723c751e8b465ee728b)
Start importing Assets/PS5/Backgrounds/PNG/Sprites/Missiles/spaceMissiles_010.png using Guid(68e9e018d817c1d47857b33960d60896) Importer(815301076,1909f56bfc062723c751e8b465ee728b) (PreviewImporter) -> (artifact id: '992bed7e53a9a0fb33dfa388adec057a') in 0.0553195 seconds
Number of updated asset objects reloaded before import = 0Number of asset objects unloaded after import = 3

========================================================================
Received Import Request.
  Time since last request: 0.099118 seconds.
  path: Assets/PS5/UI/PNG/Black/2x/arrowLeft.png
  artifactKey: Guid(f108de3380db92d488c2c0d0b8545307) Importer(815301076,1909f56bfc062723c751e8b465ee728b)
Start importing Assets/PS5/UI/PNG/Black/2x/arrowLeft.png using Guid(f108de3380db92d488c2c0d0b8545307) Importer(815301076,1909f56bfc062723c751e8b465ee728b) (PreviewImporter) -> (artifact id: 'b54189dda0729bb81e0b44bd80dec06c') in 0.0433054 seconds
Number of updated asset objects reloaded before import = 0Number of asset objects unloaded after import = 3

========================================================================
Received Import Request.
  Time since last request: 0.000058 seconds.
  path: Assets/PS5/UI/PNG/Black/1x/arrowRight.png
  artifactKey: Guid(c65196b1f73c4554a9125f05c6b3945d) Importer(815301076,1909f56bfc062723c751e8b465ee728b)
Start importing Assets/PS5/UI/PNG/Black/1x/arrowRight.png using Guid(c65196b1f73c4554a9125f05c6b3945d) Importer(815301076,1909f56bfc062723c751e8b465ee728b) (PreviewImporter) -> (artifact id: 'aa1d4c380b833615a0cec933106b0753') in 0.0480046 seconds
Number of updated asset objects reloaded before import = 0Number of asset objects unloaded after import = 3

========================================================================
Received Import Request.
  Time since last request: 0.000063 seconds.
  path: Assets/PS5/UI/PNG/Black/2x/arrowRight.png
  artifactKey: Guid(8fe261609d4c7e747bb80272a501ff7a) Importer(815301076,1909f56bfc062723c751e8b465ee728b)
Start importing Assets/PS5/UI/PNG/Black/2x/arrowRight.png using Guid(8fe261609d4c7e747bb80272a501ff7a) Importer(815301076,1909f56bfc062723c751e8b465ee728b) (PreviewImporter) -> (artifact id: 'fb63dd58eac2ad35409b4f794ef72d49') in 0.0480171 seconds
Number of updated asset objects reloaded before import = 0Number of asset objects unloaded after import = 3

========================================================================
Received Import Request.
  Time since last request: 0.000045 seconds.
  path: Assets/PS5/UI/PNG/Black/1x/arrowUp.png
  artifactKey: Guid(79c7da39a65e97545ae0659342d06e59) Importer(815301076,1909f56bfc062723c751e8b465ee728b)
Start importing Assets/PS5/UI/PNG/Black/1x/arrowUp.png using Guid(79c7da39a65e97545ae0659342d06e59) Importer(815301076,1909f56bfc062723c751e8b465ee728b) (PreviewImporter) -> (artifact id: '5098eb74e73910ce23e511fc1b6425f8') in 0.0481027 seconds
Number of updated asset objects reloaded before import = 0Number of asset objects unloaded after import = 3

========================================================================
Received Import Request.
  Time since last request: 0.000047 seconds.
  path: Assets/PS5/UI/PNG/White/2x/arrowUp.png
  artifactKey: Guid(0af7a46d256c81040aa2b2a5d455ed32) Importer(815301076,1909f56bfc062723c751e8b465ee728b)
Start importing Assets/PS5/UI/PNG/White/2x/arrowUp.png using Guid(0af7a46d256c81040aa2b2a5d455ed32) Importer(815301076,1909f56bfc062723c751e8b465ee728b) (PreviewImporter) -> (artifact id: '8f808d6954e2656e3b400c0375d1989e') in 0.0528585 seconds
Number of updated asset objects reloaded before import = 0Number of asset objects unloaded after import = 3

========================================================================
Received Import Request.
  Time since last request: 0.000060 seconds.
  path: Assets/2D pixel asteroids/Sprites/asteroids.png
  artifactKey: Guid(1bd6c74c058d5f143a391104c445e845) Importer(815301076,1909f56bfc062723c751e8b465ee728b)
Start importing Assets/2D pixel asteroids/Sprites/asteroids.png using Guid(1bd6c74c058d5f143a391104c445e845) Importer(815301076,1909f56bfc062723c751e8b465ee728b) (PreviewImporter) -> (artifact id: '6c468d4ddfcfddcaf9a136a3a59136bf') in 0.1798865 seconds
Number of updated asset objects reloaded before import = 0Number of asset objects unloaded after import = 20

========================================================================
Received Import Request.
  Time since last request: 0.763401 seconds.
  path: Assets/PS5/UI/PNG/Black/2x/audioOff.png
  artifactKey: Guid(c80161d8dae38b94d814ebdac9f5a4f2) Importer(815301076,1909f56bfc062723c751e8b465ee728b)
Start importing Assets/PS5/UI/PNG/Black/2x/audioOff.png using Guid(c80161d8dae38b94d814ebdac9f5a4f2) Importer(815301076,1909f56bfc062723c751e8b465ee728b) (PreviewImporter) -> (artifact id: '47b72dabbce516bd886e7fba78015670') in 0.0515097 seconds
Number of updated asset objects reloaded before import = 0Number of asset objects unloaded after import = 3

========================================================================
Received Import Request.
  Time since last request: 0.000035 seconds.
  path: Assets/PS5/UI/PNG/White/2x/audioOff.png
  artifactKey: Guid(66b4e71fc2cb59d408c483f29715eebf) Importer(815301076,1909f56bfc062723c751e8b465ee728b)
Start importing Assets/PS5/UI/PNG/White/2x/audioOff.png using Guid(66b4e71fc2cb59d408c483f29715eebf) Importer(815301076,1909f56bfc062723c751e8b465ee728b) (PreviewImporter) -> (artifact id: 'df962d7df3be3543b6d83ae4a043e504') in 0.138796 seconds
Number of updated asset objects reloaded before import = 0Number of asset objects unloaded after import = 3

========================================================================
Received Import Request.
  Time since last request: 0.000058 seconds.
  path: Assets/PS5/UI/PNG/White/1x/audioOn.png
  artifactKey: Guid(d0291f1e7352d614f8db1d5b422d6f44) Importer(815301076,1909f56bfc062723c751e8b465ee728b)
Start importing Assets/PS5/UI/PNG/White/1x/audioOn.png using Guid(d0291f1e7352d614f8db1d5b422d6f44) Importer(815301076,1909f56bfc062723c751e8b465ee728b) (PreviewImporter) -> (artifact id: '91ae8bf22eb1d64f5fa9e675d54dc06c') in 0.1452144 seconds
Number of updated asset objects reloaded before import = 0Number of asset objects unloaded after import = 4

========================================================================
Received Import Request.
  Time since last request: 0.000048 seconds.
  path: Assets/PS5/UI/PNG/Black/1x/audioOn.png
  artifactKey: Guid(cfca337e3ffb5864b81b2dcc50c6415c) Importer(815301076,1909f56bfc062723c751e8b465ee728b)
Start importing Assets/PS5/UI/PNG/Black/1x/audioOn.png using Guid(cfca337e3ffb5864b81b2dcc50c6415c) Importer(815301076,1909f56bfc062723c751e8b465ee728b) (PreviewImporter) -> (artifact id: '3ff55fd6bc6c64c397ba974327577f44') in 0.0588237 seconds
Number of updated asset objects reloaded before import = 0Number of asset objects unloaded after import = 4

========================================================================
Received Import Request.
  Time since last request: 0.000111 seconds.
  path: Assets/image/back.png
  artifactKey: Guid(d0e2981444c373c4c81e51f126c23208) Importer(815301076,1909f56bfc062723c751e8b465ee728b)
Start importing Assets/image/back.png using Guid(d0e2981444c373c4c81e51f126c23208) Importer(815301076,1909f56bfc062723c751e8b465ee728b) (PreviewImporter) -> (artifact id: 'd8c946822a366ec9041ce0ada0c32be6') in 0.0588835 seconds
Number of updated asset objects reloaded before import = 0Number of asset objects unloaded after import = 3

========================================================================
Received Import Request.
  Time since last request: 1.639871 seconds.
  path: Assets/PS5/Sample Space/PNG/Retina/icon_exclamationLarge.png
  artifactKey: Guid(f2224aad73a54c84aa248e445e4c74fe) Importer(815301076,1909f56bfc062723c751e8b465ee728b)
Start importing Assets/PS5/Sample Space/PNG/Retina/icon_exclamationLarge.png using Guid(f2224aad73a54c84aa248e445e4c74fe) Importer(815301076,1909f56bfc062723c751e8b465ee728b) (PreviewImporter) -> (artifact id: '09e43f50ed599ffbb192ad17d3248178') in 0.0545217 seconds
Number of updated asset objects reloaded before import = 0Number of asset objects unloaded after import = 3

========================================================================
Received Import Request.
  Time since last request: 0.000029 seconds.
  path: Assets/PS5/UI/PNG/White/1x/leaderboardsComplex.png
  artifactKey: Guid(ef2d47b6bd15ea6479b6afde93bb33c8) Importer(815301076,1909f56bfc062723c751e8b465ee728b)
Start importing Assets/PS5/UI/PNG/White/1x/leaderboardsComplex.png using Guid(ef2d47b6bd15ea6479b6afde93bb33c8) Importer(815301076,1909f56bfc062723c751e8b465ee728b) (PreviewImporter) -> (artifact id: 'f1594504bda84440bc0c5ab7fa590cec') in 0.0460516 seconds
Number of updated asset objects reloaded before import = 0Number of asset objects unloaded after import = 3

========================================================================
Received Import Request.
  Time since last request: 0.000049 seconds.
  path: Assets/PS5/UI/PNG/Black/1x/leaderboardsComplex.png
  artifactKey: Guid(1a22840423b6c2e459ee3d9a22f6fe69) Importer(815301076,1909f56bfc062723c751e8b465ee728b)
Start importing Assets/PS5/UI/PNG/Black/1x/leaderboardsComplex.png using Guid(1a22840423b6c2e459ee3d9a22f6fe69) Importer(815301076,1909f56bfc062723c751e8b465ee728b) (PreviewImporter) -> (artifact id: '51016b7a97fe5d24eadc0c22a83ce0ff') in 0.1013984 seconds
Number of updated asset objects reloaded before import = 0Number of asset objects unloaded after import = 3

========================================================================
Received Import Request.
  Time since last request: 0.000097 seconds.
  path: Assets/PS5/UI/PNG/White/2x/next.png
  artifactKey: Guid(ec91975f742dade48bac086e84a671e9) Importer(815301076,1909f56bfc062723c751e8b465ee728b)
Start importing Assets/PS5/UI/PNG/White/2x/next.png using Guid(ec91975f742dade48bac086e84a671e9) Importer(815301076,1909f56bfc062723c751e8b465ee728b) (PreviewImporter) -> (artifact id: 'b94039c2286591efaac7fb0fedca8b84') in 0.0509276 seconds
Number of updated asset objects reloaded before import = 0Number of asset objects unloaded after import = 3

========================================================================
Received Import Request.
  Time since last request: 0.000087 seconds.
  path: Assets/PS5/Sample Space/PNG/Default/icon_exclamationSmall.png
  artifactKey: Guid(6b1232eb0de3c6045988a9c0b9512745) Importer(815301076,1909f56bfc062723c751e8b465ee728b)
Start importing Assets/PS5/Sample Space/PNG/Default/icon_exclamationSmall.png using Guid(6b1232eb0de3c6045988a9c0b9512745) Importer(815301076,1909f56bfc062723c751e8b465ee728b) (PreviewImporter) -> (artifact id: 'fce37f9be303ae6ff1e4c3569d0a78e3') in 0.0462603 seconds
Number of updated asset objects reloaded before import = 0Number of asset objects unloaded after import = 3

========================================================================
Received Import Request.
  Time since last request: 0.168712 seconds.
  path: Assets/PS5/UI/PNG/White/2x/export.png
  artifactKey: Guid(1d9343c13f4205642acc5b21bfdda058) Importer(815301076,1909f56bfc062723c751e8b465ee728b)
Start importing Assets/PS5/UI/PNG/White/2x/export.png using Guid(1d9343c13f4205642acc5b21bfdda058) Importer(815301076,1909f56bfc062723c751e8b465ee728b) (PreviewImporter) -> (artifact id: '7e652c8c964d55a9cca086c62403ce84') in 0.0560142 seconds
Number of updated asset objects reloaded before import = 0Number of asset objects unloaded after import = 4

========================================================================
Received Import Request.
  Time since last request: 0.000045 seconds.
  path: Assets/PS5/UI/PNG/Black/2x/export.png
  artifactKey: Guid(2ceb7654a5f1ccf48889cc2d1bee07e3) Importer(815301076,1909f56bfc062723c751e8b465ee728b)
Start importing Assets/PS5/UI/PNG/Black/2x/export.png using Guid(2ceb7654a5f1ccf48889cc2d1bee07e3) Importer(815301076,1909f56bfc062723c751e8b465ee728b) (PreviewImporter) -> (artifact id: 'f16dc2682bcae2db1d8d60778782cd00') in 0.0445986 seconds
Number of updated asset objects reloaded before import = 0Number of asset objects unloaded after import = 4

========================================================================
Received Import Request.
  Time since last request: 0.000048 seconds.
  path: Assets/PS5/UI/PNG/Black/1x/exitRight.png
  artifactKey: Guid(3f5054a885705cf4e833f565f6da9319) Importer(815301076,1909f56bfc062723c751e8b465ee728b)
Start importing Assets/PS5/UI/PNG/Black/1x/exitRight.png using Guid(3f5054a885705cf4e833f565f6da9319) Importer(815301076,1909f56bfc062723c751e8b465ee728b) (PreviewImporter) -> (artifact id: '27d54094afe7364c6ae0464cd93217da') in 0.1016928 seconds
Number of updated asset objects reloaded before import = 0Number of asset objects unloaded after import = 4

========================================================================
Received Import Request.
  Time since last request: 0.000160 seconds.
  path: Assets/PS5/UI/PNG/Black/2x/exitRight.png
  artifactKey: Guid(1f983ba59245f3040a7f95d91c909655) Importer(815301076,1909f56bfc062723c751e8b465ee728b)
Start importing Assets/PS5/UI/PNG/Black/2x/exitRight.png using Guid(1f983ba59245f3040a7f95d91c909655) Importer(815301076,1909f56bfc062723c751e8b465ee728b) (PreviewImporter) -> (artifact id: 'a9692a3408fbfe90b9384d6c577c4340') in 0.0545115 seconds
Number of updated asset objects reloaded before import = 0Number of asset objects unloaded after import = 4

========================================================================
Received Import Request.
  Time since last request: 0.618737 seconds.
  path: Assets/PS5/UI/PNG/White/2x/exitRight.png
  artifactKey: Guid(75f579d347e1dcc45be57fc0ac2fb0fd) Importer(815301076,1909f56bfc062723c751e8b465ee728b)
Start importing Assets/PS5/UI/PNG/White/2x/exitRight.png using Guid(75f579d347e1dcc45be57fc0ac2fb0fd) Importer(815301076,1909f56bfc062723c751e8b465ee728b) (PreviewImporter) -> (artifact id: '3ba7bc5a83507c0ef87217d848c6cb95') in 0.0855908 seconds
Number of updated asset objects reloaded before import = 0Number of asset objects unloaded after import = 4

========================================================================
Received Import Request.
  Time since last request: 0.516538 seconds.
  path: Assets/PS5/UI/PNG/White/1x/exitLeft.png
  artifactKey: Guid(6f5075253a7882540ac86a8455a769b6) Importer(815301076,1909f56bfc062723c751e8b465ee728b)
Start importing Assets/PS5/UI/PNG/White/1x/exitLeft.png using Guid(6f5075253a7882540ac86a8455a769b6) Importer(815301076,1909f56bfc062723c751e8b465ee728b) (PreviewImporter) -> (artifact id: '381ddf6b814ab302efd5bb3f8704db34') in 0.0570624 seconds
Number of updated asset objects reloaded before import = 0Number of asset objects unloaded after import = 4

========================================================================
Received Import Request.
  Time since last request: 0.000056 seconds.
  path: Assets/PS5/UI/PNG/White/2x/exitLeft.png
  artifactKey: Guid(e093516e2232b9f46b8beec98acb038b) Importer(815301076,1909f56bfc062723c751e8b465ee728b)
Start importing Assets/PS5/UI/PNG/White/2x/exitLeft.png using Guid(e093516e2232b9f46b8beec98acb038b) Importer(815301076,1909f56bfc062723c751e8b465ee728b) (PreviewImporter) -> (artifact id: 'bd36184c98cf81039fc5310ef96b1a5a') in 0.0601758 seconds
Number of updated asset objects reloaded before import = 0Number of asset objects unloaded after import = 4

========================================================================
Received Import Request.
  Time since last request: 0.000066 seconds.
  path: Assets/PS5/UI/PNG/Black/1x/exclamation.png
  artifactKey: Guid(9d6ef7138d7dc4849a36f4410589a987) Importer(815301076,1909f56bfc062723c751e8b465ee728b)
Start importing Assets/PS5/UI/PNG/Black/1x/exclamation.png using Guid(9d6ef7138d7dc4849a36f4410589a987) Importer(815301076,1909f56bfc062723c751e8b465ee728b) (PreviewImporter) -> (artifact id: 'd70de29f2d36173891c81a41109a06c7') in 0.0603829 seconds
Number of updated asset objects reloaded before import = 0Number of asset objects unloaded after import = 4

========================================================================
Received Import Request.
  Time since last request: 0.000045 seconds.
  path: Assets/PS5/UI/PNG/White/1x/buttonX.png
  artifactKey: Guid(c6b8324645b1d3b40a6c8980becd788b) Importer(815301076,1909f56bfc062723c751e8b465ee728b)
Start importing Assets/PS5/UI/PNG/White/1x/buttonX.png using Guid(c6b8324645b1d3b40a6c8980becd788b) Importer(815301076,1909f56bfc062723c751e8b465ee728b) (PreviewImporter) -> (artifact id: '9b41ca3cd8a0ac35228aa194082c3ed3') in 0.0522522 seconds
Number of updated asset objects reloaded before import = 0Number of asset objects unloaded after import = 3

========================================================================
Received Import Request.
  Time since last request: 0.000067 seconds.
  path: Assets/PS5/UI/PNG/White/2x/buttonX.png
  artifactKey: Guid(9fc6c289f166653449bab9d8a2a570ed) Importer(815301076,1909f56bfc062723c751e8b465ee728b)
Start importing Assets/PS5/UI/PNG/White/2x/buttonX.png using Guid(9fc6c289f166653449bab9d8a2a570ed) Importer(815301076,1909f56bfc062723c751e8b465ee728b) (PreviewImporter) -> (artifact id: '0f243469d55e451d162da77eeb66442f') in 0.044261 seconds
Number of updated asset objects reloaded before import = 0Number of asset objects unloaded after import = 3

========================================================================
Received Import Request.
  Time since last request: 0.000558 seconds.
  path: Assets/PS5/UI/PNG/White/2x/exclamation.png
  artifactKey: Guid(a3e417b13aaf21e488a3fa431cb4c424) Importer(815301076,1909f56bfc062723c751e8b465ee728b)
Start importing Assets/PS5/UI/PNG/White/2x/exclamation.png using Guid(a3e417b13aaf21e488a3fa431cb4c424) Importer(815301076,1909f56bfc062723c751e8b465ee728b) (PreviewImporter) -> (artifact id: 'c5b574b07d5309dc4bd7cf7de8ec1373') in 0.0570442 seconds
Number of updated asset objects reloaded before import = 0Number of asset objects unloaded after import = 4

========================================================================
Received Import Request.
  Time since last request: 0.000035 seconds.
  path: Assets/PS5/UI/PNG/Black/2x/exclamation.png
  artifactKey: Guid(6ddb28154c244894da904964323df805) Importer(815301076,1909f56bfc062723c751e8b465ee728b)
Start importing Assets/PS5/UI/PNG/Black/2x/exclamation.png using Guid(6ddb28154c244894da904964323df805) Importer(815301076,1909f56bfc062723c751e8b465ee728b) (PreviewImporter) -> (artifact id: 'f9eaaf2b847c14d418967eb4eb76af71') in 0.0514079 seconds
Number of updated asset objects reloaded before import = 0Number of asset objects unloaded after import = 4

========================================================================
Received Import Request.
  Time since last request: 3.281612 seconds.
  path: Assets/PS5/UI/PNG/Black/2x/next.png
  artifactKey: Guid(5a7ca5ce5d190c44b87f13542bb5a3b6) Importer(815301076,1909f56bfc062723c751e8b465ee728b)
Start importing Assets/PS5/UI/PNG/Black/2x/next.png using Guid(5a7ca5ce5d190c44b87f13542bb5a3b6) Importer(815301076,1909f56bfc062723c751e8b465ee728b) (PreviewImporter) -> (artifact id: '893dd8e5592a744b7afc860911e04a37') in 0.0564491 seconds
Number of updated asset objects reloaded before import = 0Number of asset objects unloaded after import = 3

========================================================================
Received Import Request.
  Time since last request: 0.000046 seconds.
  path: Assets/PS5/UI/Spritesheet/sheet_black1x.png
  artifactKey: Guid(ed8f582d3528fa0458c1ae5abdc28739) Importer(815301076,1909f56bfc062723c751e8b465ee728b)
Start importing Assets/PS5/UI/Spritesheet/sheet_black1x.png using Guid(ed8f582d3528fa0458c1ae5abdc28739) Importer(815301076,1909f56bfc062723c751e8b465ee728b) (PreviewImporter) -> (artifact id: 'c01f503e42546b0abbba362225962d5b') in 1.2501419 seconds
Number of updated asset objects reloaded before import = 0Number of asset objects unloaded after import = 158

========================================================================
Received Prepare
Begin MonoManager ReloadAssembly
- Loaded All Assemblies, in  6.908 seconds
Refreshing native plugins compatible for Editor in 4.60 ms, found 4 plugins.
Native extension for UWP target not found
Native extension for WindowsStandalone target not found
Native extension for WebGL target not found
Mono: successfully reloaded assembly
- Finished resetting the current domain, in  1.920 seconds
Domain Reload Profiling: 8840ms
	BeginReloadAssembly (3555ms)
		ExecutionOrderSort (6ms)
		DisableScriptedObjects (938ms)
		BackupInstance (0ms)
		ReleaseScriptingObjects (6ms)
		CreateAndSetChildDomain (923ms)
	RebuildCommonClasses (127ms)
	RebuildNativeTypeToScriptingClass (31ms)
	initialDomainReloadingComplete (99ms)
	LoadAllAssembliesAndSetupDomain (3107ms)
		LoadAssemblies (2996ms)
		RebuildTransferFunctionScriptingTraits (0ms)
		AnalyzeDomain (1150ms)
			TypeCache.Refresh (174ms)
				TypeCache.ScanAssembly (7ms)
			BuildScriptInfoCaches (901ms)
			ResolveRequiredComponents (38ms)
	FinalizeReload (1921ms)
		ReleaseScriptCaches (0ms)
		RebuildScriptCaches (0ms)
		SetupLoadedEditorAssemblies (1424ms)
			LogAssemblyErrors (0ms)
			InitializePlatformSupportModulesInManaged (42ms)
			SetLoadedEditorAssemblies (9ms)
			BeforeProcessingInitializeOnLoad (336ms)
			ProcessInitializeOnLoadAttributes (823ms)
			ProcessInitializeOnLoadMethodAttributes (194ms)
			AfterProcessingInitializeOnLoad (18ms)
			EditorAssembliesLoaded (1ms)
		ExecutionOrderSort2 (0ms)
		AwakeInstancesAfterBackupRestoration (35ms)
Refreshing native plugins compatible for Editor in 4.45 ms, found 4 plugins.
Preloading 0 native plugins for Editor in 0.00 ms.
Unloading 13 Unused Serialized files (Serialized files now loaded: 0)
Unloading 6733 unused Assets / (4.0 MB). Loaded Objects now: 7704.
Memory consumption went from 150.0 MB to 146.0 MB.
Total: 25.158300 ms (FindLiveObjects: 2.142500 ms CreateObjectMapping: 2.322300 ms MarkObjects: 14.265800 ms  DeleteObjects: 6.423500 ms)

Prepare: number of updated asset objects reloaded= 0
========================================================================
Received Prepare
Begin MonoManager ReloadAssembly
- Loaded All Assemblies, in  4.813 seconds
Refreshing native plugins compatible for Editor in 10.04 ms, found 4 plugins.
Native extension for UWP target not found
Native extension for WindowsStandalone target not found
Native extension for WebGL target not found
Mono: successfully reloaded assembly
- Finished resetting the current domain, in  4.295 seconds
Domain Reload Profiling: 9127ms
	BeginReloadAssembly (977ms)
		ExecutionOrderSort (0ms)
		DisableScriptedObjects (173ms)
		BackupInstance (0ms)
		ReleaseScriptingObjects (2ms)
		CreateAndSetChildDomain (287ms)
	RebuildCommonClasses (97ms)
	RebuildNativeTypeToScriptingClass (39ms)
	initialDomainReloadingComplete (126ms)
	LoadAllAssembliesAndSetupDomain (3582ms)
		LoadAssemblies (2738ms)
		RebuildTransferFunctionScriptingTraits (0ms)
		AnalyzeDomain (1150ms)
			TypeCache.Refresh (202ms)
				TypeCache.ScanAssembly (0ms)
			BuildScriptInfoCaches (879ms)
			ResolveRequiredComponents (41ms)
	FinalizeReload (4307ms)
		ReleaseScriptCaches (0ms)
		RebuildScriptCaches (0ms)
		SetupLoadedEditorAssemblies (2654ms)
			LogAssemblyErrors (0ms)
			InitializePlatformSupportModulesInManaged (209ms)
			SetLoadedEditorAssemblies (20ms)
			BeforeProcessingInitializeOnLoad (530ms)
			ProcessInitializeOnLoadAttributes (1370ms)
			ProcessInitializeOnLoadMethodAttributes (450ms)
			AfterProcessingInitializeOnLoad (60ms)
			EditorAssembliesLoaded (12ms)
		ExecutionOrderSort2 (1ms)
		AwakeInstancesAfterBackupRestoration (42ms)
Refreshing native plugins compatible for Editor in 19.22 ms, found 4 plugins.
Preloading 0 native plugins for Editor in 0.00 ms.
Unloading 13 Unused Serialized files (Serialized files now loaded: 0)
Unloading 6733 unused Assets / (2.1 MB). Loaded Objects now: 7706.
Memory consumption went from 150.1 MB to 148.0 MB.
Total: 303.723900 ms (FindLiveObjects: 243.987400 ms CreateObjectMapping: 15.390900 ms MarkObjects: 29.851700 ms  DeleteObjects: 14.484900 ms)

Prepare: number of updated asset objects reloaded= 0
========================================================================
Received Prepare
Begin MonoManager ReloadAssembly
- Loaded All Assemblies, in  6.906 seconds
Refreshing native plugins compatible for Editor in 7.26 ms, found 4 plugins.
Native extension for UWP target not found
Native extension for WindowsStandalone target not found
Native extension for WebGL target not found
Mono: successfully reloaded assembly
- Finished resetting the current domain, in  1.815 seconds
Domain Reload Profiling: 8755ms
	BeginReloadAssembly (2604ms)
		ExecutionOrderSort (0ms)
		DisableScriptedObjects (462ms)
		BackupInstance (0ms)
		ReleaseScriptingObjects (5ms)
		CreateAndSetChildDomain (1160ms)
	RebuildCommonClasses (131ms)
	RebuildNativeTypeToScriptingClass (34ms)
	initialDomainReloadingComplete (111ms)
	LoadAllAssembliesAndSetupDomain (4059ms)
		LoadAssemblies (2874ms)
		RebuildTransferFunctionScriptingTraits (0ms)
		AnalyzeDomain (1674ms)
			TypeCache.Refresh (172ms)
				TypeCache.ScanAssembly (11ms)
			BuildScriptInfoCaches (1421ms)
			ResolveRequiredComponents (37ms)
	FinalizeReload (1816ms)
		ReleaseScriptCaches (0ms)
		RebuildScriptCaches (0ms)
		SetupLoadedEditorAssemblies (1323ms)
			LogAssemblyErrors (0ms)
			InitializePlatformSupportModulesInManaged (40ms)
			SetLoadedEditorAssemblies (6ms)
			BeforeProcessingInitializeOnLoad (314ms)
			ProcessInitializeOnLoadAttributes (803ms)
			ProcessInitializeOnLoadMethodAttributes (147ms)
			AfterProcessingInitializeOnLoad (12ms)
			EditorAssembliesLoaded (1ms)
		ExecutionOrderSort2 (0ms)
		AwakeInstancesAfterBackupRestoration (23ms)
Refreshing native plugins compatible for Editor in 4.50 ms, found 4 plugins.
Preloading 0 native plugins for Editor in 0.00 ms.
Unloading 13 Unused Serialized files (Serialized files now loaded: 0)
Unloading 6733 unused Assets / (3.5 MB). Loaded Objects now: 7708.
Memory consumption went from 150.1 MB to 146.6 MB.
Total: 23.770600 ms (FindLiveObjects: 1.363500 ms CreateObjectMapping: 1.254000 ms MarkObjects: 16.247300 ms  DeleteObjects: 4.900700 ms)

Prepare: number of updated asset objects reloaded= 0
========================================================================
Received Prepare
Begin MonoManager ReloadAssembly
- Loaded All Assemblies, in  3.736 seconds
Refreshing native plugins compatible for Editor in 8.21 ms, found 4 plugins.
Native extension for UWP target not found
Native extension for WindowsStandalone target not found
Native extension for WebGL target not found
Mono: successfully reloaded assembly
- Finished resetting the current domain, in  2.104 seconds
Domain Reload Profiling: 5821ms
	BeginReloadAssembly (913ms)
		ExecutionOrderSort (0ms)
		DisableScriptedObjects (63ms)
		BackupInstance (0ms)
		ReleaseScriptingObjects (2ms)
		CreateAndSetChildDomain (142ms)
	RebuildCommonClasses (92ms)
	RebuildNativeTypeToScriptingClass (32ms)
	initialDomainReloadingComplete (109ms)
	LoadAllAssembliesAndSetupDomain (2568ms)
		LoadAssemblies (1721ms)
		RebuildTransferFunctionScriptingTraits (0ms)
		AnalyzeDomain (1396ms)
			TypeCache.Refresh (109ms)
				TypeCache.ScanAssembly (6ms)
			BuildScriptInfoCaches (1179ms)
			ResolveRequiredComponents (59ms)
	FinalizeReload (2106ms)
		ReleaseScriptCaches (0ms)
		RebuildScriptCaches (0ms)
		SetupLoadedEditorAssemblies (1416ms)
			LogAssemblyErrors (0ms)
			InitializePlatformSupportModulesInManaged (44ms)
			SetLoadedEditorAssemblies (7ms)
			BeforeProcessingInitializeOnLoad (353ms)
			ProcessInitializeOnLoadAttributes (853ms)
			ProcessInitializeOnLoadMethodAttributes (147ms)
			AfterProcessingInitializeOnLoad (13ms)
			EditorAssembliesLoaded (1ms)
		ExecutionOrderSort2 (0ms)
		AwakeInstancesAfterBackupRestoration (23ms)
Refreshing native plugins compatible for Editor in 5.95 ms, found 4 plugins.
Preloading 0 native plugins for Editor in 0.00 ms.
Unloading 13 Unused Serialized files (Serialized files now loaded: 0)
Unloading 6733 unused Assets / (4.2 MB). Loaded Objects now: 7710.
Memory consumption went from 150.1 MB to 145.9 MB.
Total: 24.880400 ms (FindLiveObjects: 1.719200 ms CreateObjectMapping: 2.091900 ms MarkObjects: 16.150000 ms  DeleteObjects: 4.915100 ms)

Prepare: number of updated asset objects reloaded= 0
========================================================================
Received Prepare
Begin MonoManager ReloadAssembly
- Loaded All Assemblies, in  2.195 seconds
Refreshing native plugins compatible for Editor in 6.25 ms, found 4 plugins.
Native extension for UWP target not found
Native extension for WindowsStandalone target not found
Native extension for WebGL target not found
Mono: successfully reloaded assembly
- Finished resetting the current domain, in  1.934 seconds
Domain Reload Profiling: 4131ms
	BeginReloadAssembly (518ms)
		ExecutionOrderSort (0ms)
		DisableScriptedObjects (36ms)
		BackupInstance (0ms)
		ReleaseScriptingObjects (0ms)
		CreateAndSetChildDomain (119ms)
	RebuildCommonClasses (93ms)
	RebuildNativeTypeToScriptingClass (31ms)
	initialDomainReloadingComplete (74ms)
	LoadAllAssembliesAndSetupDomain (1477ms)
		LoadAssemblies (1056ms)
		RebuildTransferFunctionScriptingTraits (0ms)
		AnalyzeDomain (679ms)
			TypeCache.Refresh (35ms)
				TypeCache.ScanAssembly (0ms)
			BuildScriptInfoCaches (597ms)
			ResolveRequiredComponents (37ms)
	FinalizeReload (1938ms)
		ReleaseScriptCaches (0ms)
		RebuildScriptCaches (0ms)
		SetupLoadedEditorAssemblies (1439ms)
			LogAssemblyErrors (0ms)
			InitializePlatformSupportModulesInManaged (34ms)
			SetLoadedEditorAssemblies (9ms)
			BeforeProcessingInitializeOnLoad (366ms)
			ProcessInitializeOnLoadAttributes (823ms)
			ProcessInitializeOnLoadMethodAttributes (188ms)
			AfterProcessingInitializeOnLoad (19ms)
			EditorAssembliesLoaded (1ms)
		ExecutionOrderSort2 (0ms)
		AwakeInstancesAfterBackupRestoration (32ms)
Refreshing native plugins compatible for Editor in 3.82 ms, found 4 plugins.
Preloading 0 native plugins for Editor in 0.00 ms.
Unloading 13 Unused Serialized files (Serialized files now loaded: 0)
Unloading 6733 unused Assets / (4.6 MB). Loaded Objects now: 7712.
Memory consumption went from 150.1 MB to 145.5 MB.
Total: 23.536100 ms (FindLiveObjects: 2.002200 ms CreateObjectMapping: 2.097800 ms MarkObjects: 12.822200 ms  DeleteObjects: 6.610300 ms)

Prepare: number of updated asset objects reloaded= 0
========================================================================
Received Prepare
Begin MonoManager ReloadAssembly
- Loaded All Assemblies, in  6.002 seconds
Refreshing native plugins compatible for Editor in 6.66 ms, found 4 plugins.
Native extension for UWP target not found
Native extension for WindowsStandalone target not found
Native extension for WebGL target not found
Mono: successfully reloaded assembly
- Finished resetting the current domain, in  2.311 seconds
Domain Reload Profiling: 8363ms
	BeginReloadAssembly (2348ms)
		ExecutionOrderSort (1ms)
		DisableScriptedObjects (255ms)
		BackupInstance (0ms)
		ReleaseScriptingObjects (5ms)
		CreateAndSetChildDomain (609ms)
	RebuildCommonClasses (202ms)
	RebuildNativeTypeToScriptingClass (54ms)
	initialDomainReloadingComplete (144ms)
	LoadAllAssembliesAndSetupDomain (3302ms)
		LoadAssemblies (2918ms)
		RebuildTransferFunctionScriptingTraits (0ms)
		AnalyzeDomain (1508ms)
			TypeCache.Refresh (151ms)
				TypeCache.ScanAssembly (0ms)
			BuildScriptInfoCaches (1245ms)
			ResolveRequiredComponents (68ms)
	FinalizeReload (2313ms)
		ReleaseScriptCaches (0ms)
		RebuildScriptCaches (0ms)
		SetupLoadedEditorAssemblies (1738ms)
			LogAssemblyErrors (0ms)
			InitializePlatformSupportModulesInManaged (38ms)
			SetLoadedEditorAssemblies (8ms)
			BeforeProcessingInitializeOnLoad (345ms)
			ProcessInitializeOnLoadAttributes (1120ms)
			ProcessInitializeOnLoadMethodAttributes (205ms)
			AfterProcessingInitializeOnLoad (22ms)
			EditorAssembliesLoaded (1ms)
		ExecutionOrderSort2 (0ms)
		AwakeInstancesAfterBackupRestoration (31ms)
Refreshing native plugins compatible for Editor in 7.18 ms, found 4 plugins.
Preloading 0 native plugins for Editor in 0.00 ms.
Unloading 13 Unused Serialized files (Serialized files now loaded: 0)
Unloading 6733 unused Assets / (4.2 MB). Loaded Objects now: 7714.
Memory consumption went from 150.1 MB to 145.9 MB.
Total: 23.544300 ms (FindLiveObjects: 1.610200 ms CreateObjectMapping: 1.482700 ms MarkObjects: 14.177800 ms  DeleteObjects: 6.268700 ms)

Prepare: number of updated asset objects reloaded= 0
========================================================================
Received Prepare
Refreshing native plugins compatible for Editor in 12.34 ms, found 4 plugins.
Preloading 0 native plugins for Editor in 0.00 ms.
Unloading 13 Unused Serialized files (Serialized files now loaded: 0)
Unloading 13 unused Assets / (2.2 MB). Loaded Objects now: 7714.
Memory consumption went from 144.0 MB to 141.8 MB.
Total: 178.104800 ms (FindLiveObjects: 1.812800 ms CreateObjectMapping: 0.979500 ms MarkObjects: 173.309100 ms  DeleteObjects: 1.997400 ms)

Prepare: number of updated asset objects reloaded= 155
AssetImportParameters requested are different than current active one (requested -> active):
  buildTarget: platform 20, subtarget 0, extendedPlatform 0 -> platform 19, subtarget 2, extendedPlatform 0
  graphicsApiMask: 2048 -> 4
========================================================================
Received Prepare
Refreshing native plugins compatible for Editor in 10.11 ms, found 4 plugins.
Preloading 0 native plugins for Editor in 0.00 ms.
Unloading 13 Unused Serialized files (Serialized files now loaded: 0)
Unloading 13 unused Assets / (2.2 MB). Loaded Objects now: 7714.
Memory consumption went from 143.2 MB to 140.9 MB.
Total: 431.729900 ms (FindLiveObjects: 1.282600 ms CreateObjectMapping: 1.337200 ms MarkObjects: 427.173200 ms  DeleteObjects: 1.932900 ms)

Prepare: number of updated asset objects reloaded= 0
========================================================================
Received Prepare
Begin MonoManager ReloadAssembly
- Loaded All Assemblies, in  8.005 seconds
Refreshing native plugins compatible for Editor in 4.32 ms, found 4 plugins.
Native extension for UWP target not found
Native extension for WindowsStandalone target not found
Native extension for WebGL target not found
Mono: successfully reloaded assembly
- Finished resetting the current domain, in  1.990 seconds
Domain Reload Profiling: 10010ms
	BeginReloadAssembly (3840ms)
		ExecutionOrderSort (1ms)
		DisableScriptedObjects (834ms)
		BackupInstance (0ms)
		ReleaseScriptingObjects (7ms)
		CreateAndSetChildDomain (1261ms)
	RebuildCommonClasses (103ms)
	RebuildNativeTypeToScriptingClass (30ms)
	initialDomainReloadingComplete (94ms)
	LoadAllAssembliesAndSetupDomain (3952ms)
		LoadAssemblies (2997ms)
		RebuildTransferFunctionScriptingTraits (0ms)
		AnalyzeDomain (1558ms)
			TypeCache.Refresh (1045ms)
				TypeCache.ScanAssembly (768ms)
			BuildScriptInfoCaches (438ms)
			ResolveRequiredComponents (52ms)
	FinalizeReload (1992ms)
		ReleaseScriptCaches (0ms)
		RebuildScriptCaches (0ms)
		SetupLoadedEditorAssemblies (1539ms)
			LogAssemblyErrors (0ms)
			InitializePlatformSupportModulesInManaged (38ms)
			SetLoadedEditorAssemblies (12ms)
			BeforeProcessingInitializeOnLoad (386ms)
			ProcessInitializeOnLoadAttributes (915ms)
			ProcessInitializeOnLoadMethodAttributes (174ms)
			AfterProcessingInitializeOnLoad (13ms)
			EditorAssembliesLoaded (1ms)
		ExecutionOrderSort2 (0ms)
		AwakeInstancesAfterBackupRestoration (24ms)
Refreshing native plugins compatible for Editor in 6.88 ms, found 4 plugins.
Preloading 0 native plugins for Editor in 0.00 ms.
Unloading 13 Unused Serialized files (Serialized files now loaded: 0)
Unloading 6733 unused Assets / (4.0 MB). Loaded Objects now: 7716.
Memory consumption went from 147.9 MB to 143.9 MB.
Total: 37.655900 ms (FindLiveObjects: 7.290400 ms CreateObjectMapping: 6.969100 ms MarkObjects: 17.409000 ms  DeleteObjects: 5.982400 ms)

Prepare: number of updated asset objects reloaded= 0
========================================================================
Received Prepare
Begin MonoManager ReloadAssembly
- Loaded All Assemblies, in  6.289 seconds
Refreshing native plugins compatible for Editor in 4.07 ms, found 4 plugins.
Native extension for UWP target not found
Native extension for WindowsStandalone target not found
Native extension for WebGL target not found
Mono: successfully reloaded assembly
- Finished resetting the current domain, in  1.977 seconds
Domain Reload Profiling: 8268ms
	BeginReloadAssembly (1908ms)
		ExecutionOrderSort (0ms)
		DisableScriptedObjects (355ms)
		BackupInstance (0ms)
		ReleaseScriptingObjects (5ms)
		CreateAndSetChildDomain (672ms)
	RebuildCommonClasses (97ms)
	RebuildNativeTypeToScriptingClass (28ms)
	initialDomainReloadingComplete (110ms)
	LoadAllAssembliesAndSetupDomain (4147ms)
		LoadAssemblies (3617ms)
		RebuildTransferFunctionScriptingTraits (0ms)
		AnalyzeDomain (1005ms)
			TypeCache.Refresh (184ms)
				TypeCache.ScanAssembly (12ms)
			BuildScriptInfoCaches (756ms)
			ResolveRequiredComponents (43ms)
	FinalizeReload (1978ms)
		ReleaseScriptCaches (0ms)
		RebuildScriptCaches (0ms)
		SetupLoadedEditorAssemblies (1526ms)
			LogAssemblyErrors (0ms)
			InitializePlatformSupportModulesInManaged (37ms)
			SetLoadedEditorAssemblies (6ms)
			BeforeProcessingInitializeOnLoad (376ms)
			ProcessInitializeOnLoadAttributes (949ms)
			ProcessInitializeOnLoadMethodAttributes (148ms)
			AfterProcessingInitializeOnLoad (11ms)
			EditorAssembliesLoaded (1ms)
		ExecutionOrderSort2 (0ms)
		AwakeInstancesAfterBackupRestoration (25ms)
Refreshing native plugins compatible for Editor in 4.22 ms, found 4 plugins.
Preloading 0 native plugins for Editor in 0.00 ms.
Unloading 13 Unused Serialized files (Serialized files now loaded: 0)
Unloading 6773 unused Assets / (5.2 MB). Loaded Objects now: 7757.
Memory consumption went from 148.2 MB to 143.0 MB.
Total: 22.077600 ms (FindLiveObjects: 1.514900 ms CreateObjectMapping: 1.355900 ms MarkObjects: 12.791200 ms  DeleteObjects: 6.411600 ms)

Prepare: number of updated asset objects reloaded= 0
